{"/Users/ryuta/Projects/gavrri/cccontext/vitest.config.mjs": {"path":"/Users/ryuta/Projects/gavrri/cccontext/vitest.config.mjs","all":true,"statementMap":{"0":{"start":{"line":1,"column":0},"end":{"line":1,"column":45}},"2":{"start":{"line":3,"column":0},"end":{"line":3,"column":29}},"3":{"start":{"line":4,"column":0},"end":{"line":4,"column":9}},"4":{"start":{"line":5,"column":0},"end":{"line":5,"column":18}},"5":{"start":{"line":6,"column":0},"end":{"line":6,"column":24}},"6":{"start":{"line":7,"column":0},"end":{"line":7,"column":15}},"7":{"start":{"line":8,"column":0},"end":{"line":8,"column":21}},"8":{"start":{"line":9,"column":0},"end":{"line":9,"column":41}},"9":{"start":{"line":10,"column":0},"end":{"line":10,"column":16}},"10":{"start":{"line":11,"column":0},"end":{"line":11,"column":26}},"11":{"start":{"line":12,"column":0},"end":{"line":12,"column":18}},"12":{"start":{"line":13,"column":0},"end":{"line":13,"column":24}},"13":{"start":{"line":14,"column":0},"end":{"line":14,"column":24}},"14":{"start":{"line":15,"column":0},"end":{"line":15,"column":17}},"15":{"start":{"line":16,"column":0},"end":{"line":16,"column":22}},"16":{"start":{"line":17,"column":0},"end":{"line":17,"column":18}},"17":{"start":{"line":18,"column":0},"end":{"line":18,"column":20}},"18":{"start":{"line":19,"column":0},"end":{"line":19,"column":7}},"19":{"start":{"line":20,"column":0},"end":{"line":20,"column":6}},"20":{"start":{"line":21,"column":0},"end":{"line":21,"column":23}},"21":{"start":{"line":22,"column":0},"end":{"line":22,"column":22}},"22":{"start":{"line":23,"column":0},"end":{"line":23,"column":3}},"23":{"start":{"line":24,"column":0},"end":{"line":24,"column":3}}},"s":{"0":0,"2":0,"3":0,"4":0,"5":0,"6":0,"7":0,"8":0,"9":0,"10":0,"11":0,"12":0,"13":0,"14":0,"15":0,"16":0,"17":0,"18":0,"19":0,"20":0,"21":0,"22":0,"23":0},"branchMap":{"0":{"type":"branch","line":1,"loc":{"start":{"line":1,"column":474},"end":{"line":24,"column":3}},"locations":[{"start":{"line":1,"column":474},"end":{"line":24,"column":3}}]}},"b":{"0":[0]},"fnMap":{"0":{"name":"(empty-report)","decl":{"start":{"line":1,"column":474},"end":{"line":24,"column":3}},"loc":{"start":{"line":1,"column":474},"end":{"line":24,"column":3}},"line":1}},"f":{"0":0}}
,"/Users/ryuta/Projects/gavrri/cccontext/src/cli.mjs": {"path":"/Users/ryuta/Projects/gavrri/cccontext/src/cli.mjs","all":true,"statementMap":{"0":{"start":{"line":1,"column":0},"end":{"line":1,"column":19}},"2":{"start":{"line":3,"column":0},"end":{"line":3,"column":36}},"3":{"start":{"line":4,"column":0},"end":{"line":4,"column":63}},"4":{"start":{"line":5,"column":0},"end":{"line":5,"column":63}},"5":{"start":{"line":6,"column":0},"end":{"line":6,"column":51}},"6":{"start":{"line":7,"column":0},"end":{"line":7,"column":68}},"7":{"start":{"line":8,"column":0},"end":{"line":8,"column":65}},"8":{"start":{"line":9,"column":0},"end":{"line":9,"column":82}},"9":{"start":{"line":10,"column":0},"end":{"line":10,"column":26}},"10":{"start":{"line":11,"column":0},"end":{"line":11,"column":39}},"11":{"start":{"line":12,"column":0},"end":{"line":12,"column":20}},"12":{"start":{"line":13,"column":0},"end":{"line":13,"column":24}},"13":{"start":{"line":14,"column":0},"end":{"line":14,"column":20}},"15":{"start":{"line":16,"column":0},"end":{"line":16,"column":20}},"16":{"start":{"line":17,"column":0},"end":{"line":17,"column":17}},"17":{"start":{"line":18,"column":0},"end":{"line":18,"column":40}},"18":{"start":{"line":19,"column":0},"end":{"line":19,"column":40}},"19":{"start":{"line":20,"column":0},"end":{"line":20,"column":57}},"20":{"start":{"line":21,"column":0},"end":{"line":21,"column":21}},"21":{"start":{"line":22,"column":0},"end":{"line":22,"column":29}},"22":{"start":{"line":23,"column":0},"end":{"line":23,"column":44}},"23":{"start":{"line":24,"column":0},"end":{"line":24,"column":3}},"25":{"start":{"line":26,"column":0},"end":{"line":26,"column":30}},"26":{"start":{"line":27,"column":0},"end":{"line":27,"column":74}},"27":{"start":{"line":28,"column":0},"end":{"line":28,"column":4}},"28":{"start":{"line":29,"column":0},"end":{"line":29,"column":17}},"29":{"start":{"line":30,"column":0},"end":{"line":30,"column":31}},"30":{"start":{"line":31,"column":0},"end":{"line":31,"column":21}},"32":{"start":{"line":33,"column":0},"end":{"line":33,"column":9}},"33":{"start":{"line":34,"column":0},"end":{"line":34,"column":22}},"34":{"start":{"line":35,"column":0},"end":{"line":35,"column":67}},"35":{"start":{"line":36,"column":0},"end":{"line":36,"column":6}},"36":{"start":{"line":37,"column":0},"end":{"line":37,"column":27}},"37":{"start":{"line":38,"column":0},"end":{"line":38,"column":69}},"38":{"start":{"line":39,"column":0},"end":{"line":39,"column":48}},"39":{"start":{"line":40,"column":0},"end":{"line":40,"column":15}},"40":{"start":{"line":41,"column":0},"end":{"line":41,"column":7}},"42":{"start":{"line":43,"column":0},"end":{"line":43,"column":85}},"43":{"start":{"line":44,"column":0},"end":{"line":44,"column":97}},"45":{"start":{"line":46,"column":0},"end":{"line":46,"column":21}},"46":{"start":{"line":47,"column":0},"end":{"line":47,"column":56}},"47":{"start":{"line":48,"column":0},"end":{"line":48,"column":68}},"48":{"start":{"line":49,"column":0},"end":{"line":49,"column":49}},"49":{"start":{"line":50,"column":0},"end":{"line":50,"column":9}},"51":{"start":{"line":52,"column":0},"end":{"line":52,"column":55}},"52":{"start":{"line":53,"column":0},"end":{"line":53,"column":68}},"53":{"start":{"line":54,"column":0},"end":{"line":54,"column":49}},"54":{"start":{"line":55,"column":0},"end":{"line":55,"column":9}},"56":{"start":{"line":57,"column":0},"end":{"line":57,"column":58}},"57":{"start":{"line":58,"column":0},"end":{"line":58,"column":79}},"58":{"start":{"line":59,"column":0},"end":{"line":59,"column":9}},"60":{"start":{"line":61,"column":0},"end":{"line":61,"column":18}},"61":{"start":{"line":62,"column":0},"end":{"line":62,"column":87}},"63":{"start":{"line":64,"column":0},"end":{"line":64,"column":24}},"64":{"start":{"line":65,"column":0},"end":{"line":65,"column":49}},"65":{"start":{"line":66,"column":0},"end":{"line":66,"column":50}},"67":{"start":{"line":68,"column":0},"end":{"line":68,"column":21}},"68":{"start":{"line":69,"column":0},"end":{"line":69,"column":58}},"69":{"start":{"line":70,"column":0},"end":{"line":70,"column":21}},"70":{"start":{"line":71,"column":0},"end":{"line":71,"column":22}},"71":{"start":{"line":72,"column":0},"end":{"line":72,"column":5}},"72":{"start":{"line":73,"column":0},"end":{"line":73,"column":3}},"74":{"start":{"line":75,"column":0},"end":{"line":75,"column":31}},"75":{"start":{"line":76,"column":0},"end":{"line":76,"column":9}},"76":{"start":{"line":77,"column":0},"end":{"line":77,"column":58}},"77":{"start":{"line":78,"column":0},"end":{"line":78,"column":26}},"79":{"start":{"line":80,"column":0},"end":{"line":80,"column":25}},"80":{"start":{"line":81,"column":0},"end":{"line":81,"column":33}},"81":{"start":{"line":82,"column":0},"end":{"line":82,"column":56}},"82":{"start":{"line":83,"column":0},"end":{"line":83,"column":51}},"83":{"start":{"line":84,"column":0},"end":{"line":84,"column":66}},"84":{"start":{"line":85,"column":0},"end":{"line":85,"column":70}},"85":{"start":{"line":86,"column":0},"end":{"line":86,"column":8}},"86":{"start":{"line":87,"column":0},"end":{"line":87,"column":30}},"87":{"start":{"line":88,"column":0},"end":{"line":88,"column":22}},"88":{"start":{"line":89,"column":0},"end":{"line":89,"column":28}},"89":{"start":{"line":90,"column":0},"end":{"line":90,"column":30}},"90":{"start":{"line":91,"column":0},"end":{"line":91,"column":8}},"91":{"start":{"line":92,"column":0},"end":{"line":92,"column":29}},"92":{"start":{"line":93,"column":0},"end":{"line":93,"column":35}},"93":{"start":{"line":94,"column":0},"end":{"line":94,"column":15}},"94":{"start":{"line":95,"column":0},"end":{"line":95,"column":42}},"95":{"start":{"line":96,"column":0},"end":{"line":96,"column":64}},"96":{"start":{"line":97,"column":0},"end":{"line":97,"column":60}},"97":{"start":{"line":98,"column":0},"end":{"line":98,"column":38}},"98":{"start":{"line":99,"column":0},"end":{"line":99,"column":110}},"99":{"start":{"line":100,"column":0},"end":{"line":100,"column":13}},"100":{"start":{"line":101,"column":0},"end":{"line":101,"column":30}},"101":{"start":{"line":102,"column":0},"end":{"line":102,"column":73}},"102":{"start":{"line":103,"column":0},"end":{"line":103,"column":66}},"103":{"start":{"line":104,"column":0},"end":{"line":104,"column":79}},"104":{"start":{"line":105,"column":0},"end":{"line":105,"column":39}},"105":{"start":{"line":106,"column":0},"end":{"line":106,"column":28}},"106":{"start":{"line":107,"column":0},"end":{"line":107,"column":39}},"107":{"start":{"line":108,"column":0},"end":{"line":108,"column":15}},"108":{"start":{"line":109,"column":0},"end":{"line":109,"column":13}},"109":{"start":{"line":110,"column":0},"end":{"line":110,"column":23}},"110":{"start":{"line":111,"column":0},"end":{"line":111,"column":28}},"111":{"start":{"line":112,"column":0},"end":{"line":112,"column":11}},"112":{"start":{"line":113,"column":0},"end":{"line":113,"column":9}},"114":{"start":{"line":115,"column":0},"end":{"line":115,"column":23}},"115":{"start":{"line":116,"column":0},"end":{"line":116,"column":20}},"116":{"start":{"line":117,"column":0},"end":{"line":117,"column":15}},"117":{"start":{"line":118,"column":0},"end":{"line":118,"column":36}},"118":{"start":{"line":119,"column":0},"end":{"line":119,"column":27}},"119":{"start":{"line":120,"column":0},"end":{"line":120,"column":16}},"120":{"start":{"line":121,"column":0},"end":{"line":121,"column":16}},"121":{"start":{"line":122,"column":0},"end":{"line":122,"column":22}},"122":{"start":{"line":123,"column":0},"end":{"line":123,"column":62}},"123":{"start":{"line":124,"column":0},"end":{"line":124,"column":11}},"124":{"start":{"line":125,"column":0},"end":{"line":125,"column":7}},"126":{"start":{"line":127,"column":0},"end":{"line":127,"column":19}},"127":{"start":{"line":128,"column":0},"end":{"line":128,"column":63}},"129":{"start":{"line":130,"column":0},"end":{"line":130,"column":15}},"130":{"start":{"line":131,"column":0},"end":{"line":131,"column":40}},"131":{"start":{"line":132,"column":0},"end":{"line":132,"column":55}},"133":{"start":{"line":134,"column":0},"end":{"line":134,"column":62}},"134":{"start":{"line":135,"column":0},"end":{"line":135,"column":46}},"136":{"start":{"line":137,"column":0},"end":{"line":137,"column":51}},"137":{"start":{"line":138,"column":0},"end":{"line":138,"column":57}},"138":{"start":{"line":139,"column":0},"end":{"line":139,"column":75}},"139":{"start":{"line":140,"column":0},"end":{"line":140,"column":66}},"140":{"start":{"line":141,"column":0},"end":{"line":141,"column":70}},"141":{"start":{"line":142,"column":0},"end":{"line":142,"column":8}},"142":{"start":{"line":143,"column":0},"end":{"line":143,"column":20}},"143":{"start":{"line":144,"column":0},"end":{"line":144,"column":67}},"144":{"start":{"line":145,"column":0},"end":{"line":145,"column":64}},"145":{"start":{"line":146,"column":0},"end":{"line":146,"column":53}},"146":{"start":{"line":147,"column":0},"end":{"line":147,"column":52}},"147":{"start":{"line":148,"column":0},"end":{"line":148,"column":58}},"148":{"start":{"line":149,"column":0},"end":{"line":149,"column":74}},"149":{"start":{"line":150,"column":0},"end":{"line":150,"column":52}},"150":{"start":{"line":151,"column":0},"end":{"line":151,"column":10}},"151":{"start":{"line":152,"column":0},"end":{"line":152,"column":8}},"152":{"start":{"line":153,"column":0},"end":{"line":153,"column":28}},"153":{"start":{"line":154,"column":0},"end":{"line":154,"column":35}},"154":{"start":{"line":155,"column":0},"end":{"line":155,"column":84}},"155":{"start":{"line":156,"column":0},"end":{"line":156,"column":9}},"156":{"start":{"line":157,"column":0},"end":{"line":157,"column":9}},"158":{"start":{"line":159,"column":0},"end":{"line":159,"column":46}},"159":{"start":{"line":160,"column":0},"end":{"line":160,"column":68}},"161":{"start":{"line":162,"column":0},"end":{"line":162,"column":21}},"162":{"start":{"line":163,"column":0},"end":{"line":163,"column":58}},"163":{"start":{"line":164,"column":0},"end":{"line":164,"column":22}},"164":{"start":{"line":165,"column":0},"end":{"line":165,"column":5}},"165":{"start":{"line":166,"column":0},"end":{"line":166,"column":3}},"167":{"start":{"line":168,"column":0},"end":{"line":168,"column":37}},"168":{"start":{"line":169,"column":0},"end":{"line":169,"column":21}},"169":{"start":{"line":170,"column":0},"end":{"line":170,"column":58}},"170":{"start":{"line":171,"column":0},"end":{"line":171,"column":33}},"171":{"start":{"line":172,"column":0},"end":{"line":172,"column":4}},"172":{"start":{"line":173,"column":0},"end":{"line":173,"column":83}},"173":{"start":{"line":174,"column":0},"end":{"line":174,"column":76}},"174":{"start":{"line":175,"column":0},"end":{"line":175,"column":3}},"176":{"start":{"line":177,"column":0},"end":{"line":177,"column":19}},"177":{"start":{"line":178,"column":0},"end":{"line":178,"column":27}},"178":{"start":{"line":179,"column":0},"end":{"line":179,"column":37}},"179":{"start":{"line":180,"column":0},"end":{"line":180,"column":44}},"180":{"start":{"line":181,"column":0},"end":{"line":181,"column":43}},"181":{"start":{"line":182,"column":0},"end":{"line":182,"column":40}},"183":{"start":{"line":184,"column":0},"end":{"line":184,"column":40}},"184":{"start":{"line":185,"column":0},"end":{"line":185,"column":42}},"185":{"start":{"line":186,"column":0},"end":{"line":186,"column":29}},"186":{"start":{"line":187,"column":0},"end":{"line":187,"column":3}},"188":{"start":{"line":189,"column":0},"end":{"line":189,"column":31}},"189":{"start":{"line":190,"column":0},"end":{"line":190,"column":27}},"190":{"start":{"line":191,"column":0},"end":{"line":191,"column":4}},"191":{"start":{"line":192,"column":0},"end":{"line":192,"column":25}},"192":{"start":{"line":193,"column":0},"end":{"line":193,"column":79}},"193":{"start":{"line":194,"column":0},"end":{"line":194,"column":4}},"194":{"start":{"line":195,"column":0},"end":{"line":195,"column":33}},"195":{"start":{"line":196,"column":0},"end":{"line":196,"column":20}},"196":{"start":{"line":197,"column":0},"end":{"line":197,"column":25}},"197":{"start":{"line":198,"column":0},"end":{"line":198,"column":4}},"198":{"start":{"line":199,"column":0},"end":{"line":199,"column":44}},"199":{"start":{"line":200,"column":0},"end":{"line":200,"column":42}},"200":{"start":{"line":201,"column":0},"end":{"line":201,"column":4}},"201":{"start":{"line":202,"column":0},"end":{"line":202,"column":31}},"202":{"start":{"line":203,"column":0},"end":{"line":203,"column":42}},"203":{"start":{"line":204,"column":0},"end":{"line":204,"column":6}},"204":{"start":{"line":205,"column":0},"end":{"line":205,"column":67}},"205":{"start":{"line":206,"column":0},"end":{"line":206,"column":24}},"206":{"start":{"line":207,"column":0},"end":{"line":207,"column":14}},"207":{"start":{"line":208,"column":0},"end":{"line":208,"column":7}},"208":{"start":{"line":209,"column":0},"end":{"line":209,"column":6}},"209":{"start":{"line":210,"column":0},"end":{"line":210,"column":21}},"210":{"start":{"line":211,"column":0},"end":{"line":211,"column":32}},"211":{"start":{"line":212,"column":0},"end":{"line":212,"column":5}},"212":{"start":{"line":213,"column":0},"end":{"line":213,"column":4}},"213":{"start":{"line":214,"column":0},"end":{"line":214,"column":18}},"214":{"start":{"line":215,"column":0},"end":{"line":215,"column":3}},"216":{"start":{"line":217,"column":0},"end":{"line":217,"column":35}},"217":{"start":{"line":218,"column":0},"end":{"line":218,"column":75}},"218":{"start":{"line":219,"column":0},"end":{"line":219,"column":4}},"219":{"start":{"line":220,"column":0},"end":{"line":220,"column":17}},"220":{"start":{"line":221,"column":0},"end":{"line":221,"column":47}},"221":{"start":{"line":222,"column":0},"end":{"line":222,"column":29}},"223":{"start":{"line":224,"column":0},"end":{"line":224,"column":9}},"224":{"start":{"line":225,"column":0},"end":{"line":225,"column":20}},"225":{"start":{"line":226,"column":0},"end":{"line":226,"column":47}},"226":{"start":{"line":227,"column":0},"end":{"line":227,"column":6}},"227":{"start":{"line":228,"column":0},"end":{"line":228,"column":31}},"228":{"start":{"line":229,"column":0},"end":{"line":229,"column":75}},"229":{"start":{"line":230,"column":0},"end":{"line":230,"column":52}},"230":{"start":{"line":231,"column":0},"end":{"line":231,"column":9}},"231":{"start":{"line":232,"column":0},"end":{"line":232,"column":6}},"232":{"start":{"line":233,"column":0},"end":{"line":233,"column":77}},"233":{"start":{"line":234,"column":0},"end":{"line":234,"column":49}},"234":{"start":{"line":235,"column":0},"end":{"line":235,"column":9}},"235":{"start":{"line":236,"column":0},"end":{"line":236,"column":6}},"236":{"start":{"line":237,"column":0},"end":{"line":237,"column":77}},"237":{"start":{"line":238,"column":0},"end":{"line":238,"column":61}},"238":{"start":{"line":239,"column":0},"end":{"line":239,"column":9}},"240":{"start":{"line":241,"column":0},"end":{"line":241,"column":21}},"241":{"start":{"line":242,"column":0},"end":{"line":242,"column":42}},"242":{"start":{"line":243,"column":0},"end":{"line":243,"column":13}},"243":{"start":{"line":244,"column":0},"end":{"line":244,"column":37}},"244":{"start":{"line":245,"column":0},"end":{"line":245,"column":41}},"245":{"start":{"line":246,"column":0},"end":{"line":246,"column":62}},"246":{"start":{"line":247,"column":0},"end":{"line":247,"column":30}},"248":{"start":{"line":249,"column":0},"end":{"line":249,"column":29}},"249":{"start":{"line":250,"column":0},"end":{"line":250,"column":37}},"250":{"start":{"line":251,"column":0},"end":{"line":251,"column":60}},"251":{"start":{"line":252,"column":0},"end":{"line":252,"column":55}},"252":{"start":{"line":253,"column":0},"end":{"line":253,"column":12}},"253":{"start":{"line":254,"column":0},"end":{"line":254,"column":33}},"254":{"start":{"line":255,"column":0},"end":{"line":255,"column":70}},"255":{"start":{"line":256,"column":0},"end":{"line":256,"column":74}},"256":{"start":{"line":257,"column":0},"end":{"line":257,"column":12}},"257":{"start":{"line":258,"column":0},"end":{"line":258,"column":34}},"258":{"start":{"line":259,"column":0},"end":{"line":259,"column":26}},"259":{"start":{"line":260,"column":0},"end":{"line":260,"column":32}},"260":{"start":{"line":261,"column":0},"end":{"line":261,"column":34}},"261":{"start":{"line":262,"column":0},"end":{"line":262,"column":30}},"262":{"start":{"line":263,"column":0},"end":{"line":263,"column":12}},"263":{"start":{"line":264,"column":0},"end":{"line":264,"column":25}},"264":{"start":{"line":265,"column":0},"end":{"line":265,"column":39}},"265":{"start":{"line":266,"column":0},"end":{"line":266,"column":19}},"266":{"start":{"line":267,"column":0},"end":{"line":267,"column":46}},"267":{"start":{"line":268,"column":0},"end":{"line":268,"column":68}},"268":{"start":{"line":269,"column":0},"end":{"line":269,"column":64}},"269":{"start":{"line":270,"column":0},"end":{"line":270,"column":42}},"270":{"start":{"line":271,"column":0},"end":{"line":271,"column":51}},"271":{"start":{"line":272,"column":0},"end":{"line":272,"column":88}},"272":{"start":{"line":273,"column":0},"end":{"line":273,"column":18}},"273":{"start":{"line":274,"column":0},"end":{"line":274,"column":26}},"274":{"start":{"line":275,"column":0},"end":{"line":275,"column":79}},"275":{"start":{"line":276,"column":0},"end":{"line":276,"column":50}},"276":{"start":{"line":277,"column":0},"end":{"line":277,"column":17}},"277":{"start":{"line":278,"column":0},"end":{"line":278,"column":34}},"278":{"start":{"line":279,"column":0},"end":{"line":279,"column":77}},"279":{"start":{"line":280,"column":0},"end":{"line":280,"column":70}},"280":{"start":{"line":281,"column":0},"end":{"line":281,"column":83}},"281":{"start":{"line":282,"column":0},"end":{"line":282,"column":43}},"282":{"start":{"line":283,"column":0},"end":{"line":283,"column":32}},"283":{"start":{"line":284,"column":0},"end":{"line":284,"column":43}},"284":{"start":{"line":285,"column":0},"end":{"line":285,"column":19}},"285":{"start":{"line":286,"column":0},"end":{"line":286,"column":17}},"286":{"start":{"line":287,"column":0},"end":{"line":287,"column":27}},"287":{"start":{"line":288,"column":0},"end":{"line":288,"column":32}},"288":{"start":{"line":289,"column":0},"end":{"line":289,"column":15}},"289":{"start":{"line":290,"column":0},"end":{"line":290,"column":13}},"291":{"start":{"line":292,"column":0},"end":{"line":292,"column":71}},"292":{"start":{"line":293,"column":0},"end":{"line":293,"column":72}},"293":{"start":{"line":294,"column":0},"end":{"line":294,"column":66}},"295":{"start":{"line":296,"column":0},"end":{"line":296,"column":27}},"296":{"start":{"line":297,"column":0},"end":{"line":297,"column":24}},"297":{"start":{"line":298,"column":0},"end":{"line":298,"column":40}},"298":{"start":{"line":299,"column":0},"end":{"line":299,"column":20}},"299":{"start":{"line":300,"column":0},"end":{"line":300,"column":24}},"300":{"start":{"line":301,"column":0},"end":{"line":301,"column":20}},"301":{"start":{"line":302,"column":0},"end":{"line":302,"column":26}},"302":{"start":{"line":303,"column":0},"end":{"line":303,"column":24}},"303":{"start":{"line":304,"column":0},"end":{"line":304,"column":30}},"304":{"start":{"line":305,"column":0},"end":{"line":305,"column":26}},"305":{"start":{"line":306,"column":0},"end":{"line":306,"column":15}},"306":{"start":{"line":307,"column":0},"end":{"line":307,"column":11}},"308":{"start":{"line":309,"column":0},"end":{"line":309,"column":23}},"309":{"start":{"line":310,"column":0},"end":{"line":310,"column":67}},"311":{"start":{"line":312,"column":0},"end":{"line":312,"column":19}},"312":{"start":{"line":313,"column":0},"end":{"line":313,"column":54}},"313":{"start":{"line":314,"column":0},"end":{"line":314,"column":59}},"315":{"start":{"line":316,"column":0},"end":{"line":316,"column":19}},"316":{"start":{"line":317,"column":0},"end":{"line":317,"column":60}},"317":{"start":{"line":318,"column":0},"end":{"line":318,"column":25}},"318":{"start":{"line":319,"column":0},"end":{"line":319,"column":65}},"319":{"start":{"line":320,"column":0},"end":{"line":320,"column":9}},"320":{"start":{"line":321,"column":0},"end":{"line":321,"column":8}},"322":{"start":{"line":323,"column":0},"end":{"line":323,"column":13}},"323":{"start":{"line":324,"column":0},"end":{"line":324,"column":29}},"325":{"start":{"line":326,"column":0},"end":{"line":326,"column":16}},"326":{"start":{"line":327,"column":0},"end":{"line":327,"column":57}},"328":{"start":{"line":329,"column":0},"end":{"line":329,"column":24}},"329":{"start":{"line":330,"column":0},"end":{"line":330,"column":49}},"330":{"start":{"line":331,"column":0},"end":{"line":331,"column":50}},"332":{"start":{"line":333,"column":0},"end":{"line":333,"column":21}},"333":{"start":{"line":334,"column":0},"end":{"line":334,"column":58}},"334":{"start":{"line":335,"column":0},"end":{"line":335,"column":21}},"335":{"start":{"line":336,"column":0},"end":{"line":336,"column":22}},"336":{"start":{"line":337,"column":0},"end":{"line":337,"column":5}},"337":{"start":{"line":338,"column":0},"end":{"line":338,"column":3}},"339":{"start":{"line":340,"column":0},"end":{"line":340,"column":43}},"340":{"start":{"line":341,"column":0},"end":{"line":341,"column":84}},"341":{"start":{"line":342,"column":0},"end":{"line":342,"column":4}},"342":{"start":{"line":343,"column":0},"end":{"line":343,"column":17}},"343":{"start":{"line":344,"column":0},"end":{"line":344,"column":65}},"344":{"start":{"line":345,"column":0},"end":{"line":345,"column":49}},"345":{"start":{"line":346,"column":0},"end":{"line":346,"column":4}},"346":{"start":{"line":347,"column":0},"end":{"line":347,"column":20}},"347":{"start":{"line":348,"column":0},"end":{"line":348,"column":57}},"348":{"start":{"line":349,"column":0},"end":{"line":349,"column":5}},"349":{"start":{"line":350,"column":0},"end":{"line":350,"column":4}},"350":{"start":{"line":351,"column":0},"end":{"line":351,"column":17}},"351":{"start":{"line":352,"column":0},"end":{"line":352,"column":47}},"352":{"start":{"line":353,"column":0},"end":{"line":353,"column":29}},"353":{"start":{"line":354,"column":0},"end":{"line":354,"column":4}},"354":{"start":{"line":355,"column":0},"end":{"line":355,"column":9}},"355":{"start":{"line":356,"column":0},"end":{"line":356,"column":22}},"356":{"start":{"line":357,"column":0},"end":{"line":357,"column":24}},"357":{"start":{"line":358,"column":0},"end":{"line":358,"column":64}},"358":{"start":{"line":359,"column":0},"end":{"line":359,"column":24}},"359":{"start":{"line":360,"column":0},"end":{"line":360,"column":93}},"360":{"start":{"line":361,"column":0},"end":{"line":361,"column":9}},"361":{"start":{"line":362,"column":0},"end":{"line":362,"column":8}},"362":{"start":{"line":363,"column":0},"end":{"line":363,"column":52}},"363":{"start":{"line":364,"column":0},"end":{"line":364,"column":57}},"364":{"start":{"line":365,"column":0},"end":{"line":365,"column":8}},"365":{"start":{"line":366,"column":0},"end":{"line":366,"column":24}},"366":{"start":{"line":367,"column":0},"end":{"line":367,"column":87}},"367":{"start":{"line":368,"column":0},"end":{"line":368,"column":43}},"368":{"start":{"line":369,"column":0},"end":{"line":369,"column":102}},"369":{"start":{"line":370,"column":0},"end":{"line":370,"column":11}},"370":{"start":{"line":371,"column":0},"end":{"line":371,"column":9}},"371":{"start":{"line":372,"column":0},"end":{"line":372,"column":8}},"372":{"start":{"line":373,"column":0},"end":{"line":373,"column":58}},"373":{"start":{"line":374,"column":0},"end":{"line":374,"column":35}},"374":{"start":{"line":375,"column":0},"end":{"line":375,"column":9}},"375":{"start":{"line":376,"column":0},"end":{"line":376,"column":6}},"376":{"start":{"line":377,"column":0},"end":{"line":377,"column":28}},"377":{"start":{"line":378,"column":0},"end":{"line":378,"column":65}},"378":{"start":{"line":379,"column":0},"end":{"line":379,"column":52}},"379":{"start":{"line":380,"column":0},"end":{"line":380,"column":57}},"380":{"start":{"line":381,"column":0},"end":{"line":381,"column":58}},"381":{"start":{"line":382,"column":0},"end":{"line":382,"column":8}},"382":{"start":{"line":383,"column":0},"end":{"line":383,"column":24}},"383":{"start":{"line":384,"column":0},"end":{"line":384,"column":61}},"384":{"start":{"line":385,"column":0},"end":{"line":385,"column":101}},"385":{"start":{"line":386,"column":0},"end":{"line":386,"column":9}},"386":{"start":{"line":387,"column":0},"end":{"line":387,"column":9}},"387":{"start":{"line":388,"column":0},"end":{"line":388,"column":6}},"388":{"start":{"line":389,"column":0},"end":{"line":389,"column":39}},"389":{"start":{"line":390,"column":0},"end":{"line":390,"column":46}},"390":{"start":{"line":391,"column":0},"end":{"line":391,"column":6}},"391":{"start":{"line":392,"column":0},"end":{"line":392,"column":24}},"392":{"start":{"line":393,"column":0},"end":{"line":393,"column":29}},"393":{"start":{"line":394,"column":0},"end":{"line":394,"column":74}},"394":{"start":{"line":395,"column":0},"end":{"line":395,"column":23}},"395":{"start":{"line":396,"column":0},"end":{"line":396,"column":8}},"396":{"start":{"line":397,"column":0},"end":{"line":397,"column":6}},"397":{"start":{"line":398,"column":0},"end":{"line":398,"column":36}},"398":{"start":{"line":399,"column":0},"end":{"line":399,"column":37}},"399":{"start":{"line":400,"column":0},"end":{"line":400,"column":6}},"400":{"start":{"line":401,"column":0},"end":{"line":401,"column":30}},"401":{"start":{"line":402,"column":0},"end":{"line":402,"column":43}},"402":{"start":{"line":403,"column":0},"end":{"line":403,"column":6}},"403":{"start":{"line":404,"column":0},"end":{"line":404,"column":21}},"404":{"start":{"line":405,"column":0},"end":{"line":405,"column":58}},"405":{"start":{"line":406,"column":0},"end":{"line":406,"column":21}},"406":{"start":{"line":407,"column":0},"end":{"line":407,"column":22}},"407":{"start":{"line":408,"column":0},"end":{"line":408,"column":5}},"408":{"start":{"line":409,"column":0},"end":{"line":409,"column":3}},"410":{"start":{"line":411,"column":0},"end":{"line":411,"column":35}},"411":{"start":{"line":412,"column":0},"end":{"line":412,"column":92}},"412":{"start":{"line":413,"column":0},"end":{"line":413,"column":51}},"413":{"start":{"line":414,"column":0},"end":{"line":414,"column":73}},"414":{"start":{"line":415,"column":0},"end":{"line":415,"column":8}},"415":{"start":{"line":416,"column":0},"end":{"line":416,"column":5}},"416":{"start":{"line":417,"column":0},"end":{"line":417,"column":3}},"418":{"start":{"line":419,"column":0},"end":{"line":419,"column":13}},"419":{"start":{"line":420,"column":0},"end":{"line":420,"column":20}},"420":{"start":{"line":421,"column":0},"end":{"line":421,"column":26}},"421":{"start":{"line":422,"column":0},"end":{"line":422,"column":5}},"422":{"start":{"line":423,"column":0},"end":{"line":423,"column":28}},"423":{"start":{"line":424,"column":0},"end":{"line":424,"column":34}},"424":{"start":{"line":425,"column":0},"end":{"line":425,"column":5}},"425":{"start":{"line":426,"column":0},"end":{"line":426,"column":31}},"426":{"start":{"line":427,"column":0},"end":{"line":427,"column":37}},"427":{"start":{"line":428,"column":0},"end":{"line":428,"column":5}},"428":{"start":{"line":429,"column":0},"end":{"line":429,"column":27}},"429":{"start":{"line":430,"column":0},"end":{"line":430,"column":20}},"430":{"start":{"line":431,"column":0},"end":{"line":431,"column":3}},"431":{"start":{"line":432,"column":0},"end":{"line":432,"column":1}},"433":{"start":{"line":434,"column":0},"end":{"line":434,"column":13}},"434":{"start":{"line":435,"column":0},"end":{"line":435,"column":31}},"436":{"start":{"line":437,"column":0},"end":{"line":437,"column":7}},"437":{"start":{"line":438,"column":0},"end":{"line":438,"column":20}},"438":{"start":{"line":439,"column":0},"end":{"line":439,"column":65}},"439":{"start":{"line":440,"column":0},"end":{"line":440,"column":19}},"440":{"start":{"line":441,"column":0},"end":{"line":441,"column":17}},"441":{"start":{"line":442,"column":0},"end":{"line":442,"column":20}},"442":{"start":{"line":443,"column":0},"end":{"line":443,"column":54}},"443":{"start":{"line":444,"column":0},"end":{"line":444,"column":53}},"444":{"start":{"line":445,"column":0},"end":{"line":445,"column":4}},"445":{"start":{"line":446,"column":0},"end":{"line":446,"column":29}},"447":{"start":{"line":448,"column":0},"end":{"line":448,"column":7}},"448":{"start":{"line":449,"column":0},"end":{"line":449,"column":21}},"449":{"start":{"line":450,"column":0},"end":{"line":450,"column":51}},"450":{"start":{"line":451,"column":0},"end":{"line":451,"column":63}},"451":{"start":{"line":452,"column":0},"end":{"line":452,"column":59}},"452":{"start":{"line":453,"column":0},"end":{"line":453,"column":24}},"453":{"start":{"line":454,"column":0},"end":{"line":454,"column":29}},"454":{"start":{"line":455,"column":0},"end":{"line":455,"column":5}},"456":{"start":{"line":457,"column":0},"end":{"line":457,"column":7}},"457":{"start":{"line":458,"column":0},"end":{"line":458,"column":22}},"458":{"start":{"line":459,"column":0},"end":{"line":459,"column":50}},"459":{"start":{"line":460,"column":0},"end":{"line":460,"column":69}},"460":{"start":{"line":461,"column":0},"end":{"line":461,"column":43}},"461":{"start":{"line":462,"column":0},"end":{"line":462,"column":62}},"462":{"start":{"line":463,"column":0},"end":{"line":463,"column":24}},"463":{"start":{"line":464,"column":0},"end":{"line":464,"column":23}},"464":{"start":{"line":465,"column":0},"end":{"line":465,"column":20}},"465":{"start":{"line":466,"column":0},"end":{"line":466,"column":36}},"466":{"start":{"line":467,"column":0},"end":{"line":467,"column":12}},"467":{"start":{"line":468,"column":0},"end":{"line":468,"column":32}},"468":{"start":{"line":469,"column":0},"end":{"line":469,"column":5}},"469":{"start":{"line":470,"column":0},"end":{"line":470,"column":5}},"471":{"start":{"line":472,"column":0},"end":{"line":472,"column":17}},"472":{"start":{"line":473,"column":0},"end":{"line":473,"column":45}},"473":{"start":{"line":474,"column":0},"end":{"line":474,"column":59}},"474":{"start":{"line":475,"column":0},"end":{"line":475,"column":18}},"475":{"start":{"line":476,"column":0},"end":{"line":476,"column":3}},"477":{"start":{"line":478,"column":0},"end":{"line":478,"column":26}},"478":{"start":{"line":479,"column":0},"end":{"line":479,"column":31}},"479":{"start":{"line":480,"column":0},"end":{"line":480,"column":35}},"480":{"start":{"line":481,"column":0},"end":{"line":481,"column":24}},"481":{"start":{"line":482,"column":0},"end":{"line":482,"column":36}},"482":{"start":{"line":483,"column":0},"end":{"line":483,"column":5}},"483":{"start":{"line":484,"column":0},"end":{"line":484,"column":1}},"485":{"start":{"line":486,"column":0},"end":{"line":486,"column":5}},"486":{"start":{"line":487,"column":0},"end":{"line":487,"column":30}},"487":{"start":{"line":488,"column":0},"end":{"line":488,"column":15}},"488":{"start":{"line":489,"column":0},"end":{"line":489,"column":47}},"489":{"start":{"line":490,"column":0},"end":{"line":490,"column":83}},"490":{"start":{"line":491,"column":0},"end":{"line":491,"column":20}},"491":{"start":{"line":492,"column":0},"end":{"line":492,"column":61}},"492":{"start":{"line":493,"column":0},"end":{"line":493,"column":20}},"493":{"start":{"line":494,"column":0},"end":{"line":494,"column":10}},"494":{"start":{"line":495,"column":0},"end":{"line":495,"column":14}},"495":{"start":{"line":496,"column":0},"end":{"line":496,"column":3}},"496":{"start":{"line":497,"column":0},"end":{"line":497,"column":1}}},"s":{"0":0,"2":0,"3":0,"4":0,"5":0,"6":0,"7":0,"8":0,"9":0,"10":0,"11":0,"12":0,"13":0,"15":0,"16":0,"17":0,"18":0,"19":0,"20":0,"21":0,"22":0,"23":0,"25":0,"26":0,"27":0,"28":0,"29":0,"30":0,"32":0,"33":0,"34":0,"35":0,"36":0,"37":0,"38":0,"39":0,"40":0,"42":0,"43":0,"45":0,"46":0,"47":0,"48":0,"49":0,"51":0,"52":0,"53":0,"54":0,"56":0,"57":0,"58":0,"60":0,"61":0,"63":0,"64":0,"65":0,"67":0,"68":0,"69":0,"70":0,"71":0,"72":0,"74":0,"75":0,"76":0,"77":0,"79":0,"80":0,"81":0,"82":0,"83":0,"84":0,"85":0,"86":0,"87":0,"88":0,"89":0,"90":0,"91":0,"92":0,"93":0,"94":0,"95":0,"96":0,"97":0,"98":0,"99":0,"100":0,"101":0,"102":0,"103":0,"104":0,"105":0,"106":0,"107":0,"108":0,"109":0,"110":0,"111":0,"112":0,"114":0,"115":0,"116":0,"117":0,"118":0,"119":0,"120":0,"121":0,"122":0,"123":0,"124":0,"126":0,"127":0,"129":0,"130":0,"131":0,"133":0,"134":0,"136":0,"137":0,"138":0,"139":0,"140":0,"141":0,"142":0,"143":0,"144":0,"145":0,"146":0,"147":0,"148":0,"149":0,"150":0,"151":0,"152":0,"153":0,"154":0,"155":0,"156":0,"158":0,"159":0,"161":0,"162":0,"163":0,"164":0,"165":0,"167":0,"168":0,"169":0,"170":0,"171":0,"172":0,"173":0,"174":0,"176":0,"177":0,"178":0,"179":0,"180":0,"181":0,"183":0,"184":0,"185":0,"186":0,"188":0,"189":0,"190":0,"191":0,"192":0,"193":0,"194":0,"195":0,"196":0,"197":0,"198":0,"199":0,"200":0,"201":0,"202":0,"203":0,"204":0,"205":0,"206":0,"207":0,"208":0,"209":0,"210":0,"211":0,"212":0,"213":0,"214":0,"216":0,"217":0,"218":0,"219":0,"220":0,"221":0,"223":0,"224":0,"225":0,"226":0,"227":0,"228":0,"229":0,"230":0,"231":0,"232":0,"233":0,"234":0,"235":0,"236":0,"237":0,"238":0,"240":0,"241":0,"242":0,"243":0,"244":0,"245":0,"246":0,"248":0,"249":0,"250":0,"251":0,"252":0,"253":0,"254":0,"255":0,"256":0,"257":0,"258":0,"259":0,"260":0,"261":0,"262":0,"263":0,"264":0,"265":0,"266":0,"267":0,"268":0,"269":0,"270":0,"271":0,"272":0,"273":0,"274":0,"275":0,"276":0,"277":0,"278":0,"279":0,"280":0,"281":0,"282":0,"283":0,"284":0,"285":0,"286":0,"287":0,"288":0,"289":0,"291":0,"292":0,"293":0,"295":0,"296":0,"297":0,"298":0,"299":0,"300":0,"301":0,"302":0,"303":0,"304":0,"305":0,"306":0,"308":0,"309":0,"311":0,"312":0,"313":0,"315":0,"316":0,"317":0,"318":0,"319":0,"320":0,"322":0,"323":0,"325":0,"326":0,"328":0,"329":0,"330":0,"332":0,"333":0,"334":0,"335":0,"336":0,"337":0,"339":0,"340":0,"341":0,"342":0,"343":0,"344":0,"345":0,"346":0,"347":0,"348":0,"349":0,"350":0,"351":0,"352":0,"353":0,"354":0,"355":0,"356":0,"357":0,"358":0,"359":0,"360":0,"361":0,"362":0,"363":0,"364":0,"365":0,"366":0,"367":0,"368":0,"369":0,"370":0,"371":0,"372":0,"373":0,"374":0,"375":0,"376":0,"377":0,"378":0,"379":0,"380":0,"381":0,"382":0,"383":0,"384":0,"385":0,"386":0,"387":0,"388":0,"389":0,"390":0,"391":0,"392":0,"393":0,"394":0,"395":0,"396":0,"397":0,"398":0,"399":0,"400":0,"401":0,"402":0,"403":0,"404":0,"405":0,"406":0,"407":0,"408":0,"410":0,"411":0,"412":0,"413":0,"414":0,"415":0,"416":0,"418":0,"419":0,"420":0,"421":0,"422":0,"423":0,"424":0,"425":0,"426":0,"427":0,"428":0,"429":0,"430":0,"431":0,"433":0,"434":0,"436":0,"437":0,"438":0,"439":0,"440":0,"441":0,"442":0,"443":0,"444":0,"445":0,"447":0,"448":0,"449":0,"450":0,"451":0,"452":0,"453":0,"454":0,"456":0,"457":0,"458":0,"459":0,"460":0,"461":0,"462":0,"463":0,"464":0,"465":0,"466":0,"467":0,"468":0,"469":0,"471":0,"472":0,"473":0,"474":0,"475":0,"477":0,"478":0,"479":0,"480":0,"481":0,"482":0,"483":0,"485":0,"486":0,"487":0,"488":0,"489":0,"490":0,"491":0,"492":0,"493":0,"494":0,"495":0,"496":0},"branchMap":{"0":{"type":"branch","line":1,"loc":{"start":{"line":1,"column":0},"end":{"line":497,"column":-1822}},"locations":[{"start":{"line":1,"column":0},"end":{"line":497,"column":-1822}}]}},"b":{"0":[0]},"fnMap":{"0":{"name":"(empty-report)","decl":{"start":{"line":1,"column":0},"end":{"line":497,"column":-1822}},"loc":{"start":{"line":1,"column":0},"end":{"line":497,"column":-1822}},"line":1}},"f":{"0":0}}
,"/Users/ryuta/Projects/gavrri/cccontext/src/display/live-view.mjs": {"path":"/Users/ryuta/Projects/gavrri/cccontext/src/display/live-view.mjs","all":false,"statementMap":{"0":{"start":{"line":1,"column":0},"end":{"line":1,"column":30}},"1":{"start":{"line":2,"column":0},"end":{"line":2,"column":26}},"3":{"start":{"line":4,"column":0},"end":{"line":4,"column":23}},"4":{"start":{"line":5,"column":0},"end":{"line":5,"column":17}},"5":{"start":{"line":6,"column":0},"end":{"line":6,"column":23}},"6":{"start":{"line":7,"column":0},"end":{"line":7,"column":20}},"7":{"start":{"line":8,"column":0},"end":{"line":8,"column":28}},"8":{"start":{"line":9,"column":0},"end":{"line":9,"column":31}},"9":{"start":{"line":10,"column":0},"end":{"line":10,"column":3}},"11":{"start":{"line":12,"column":0},"end":{"line":12,"column":10}},"12":{"start":{"line":13,"column":0},"end":{"line":13,"column":23}},"13":{"start":{"line":14,"column":0},"end":{"line":14,"column":34}},"14":{"start":{"line":15,"column":0},"end":{"line":15,"column":21}},"15":{"start":{"line":16,"column":0},"end":{"line":16,"column":47}},"16":{"start":{"line":17,"column":0},"end":{"line":17,"column":42}},"17":{"start":{"line":18,"column":0},"end":{"line":18,"column":7}},"19":{"start":{"line":20,"column":0},"end":{"line":20,"column":14}},"20":{"start":{"line":21,"column":0},"end":{"line":21,"column":40}},"21":{"start":{"line":22,"column":0},"end":{"line":22,"column":26}},"22":{"start":{"line":23,"column":0},"end":{"line":23,"column":13}},"23":{"start":{"line":24,"column":0},"end":{"line":24,"column":14}},"24":{"start":{"line":25,"column":0},"end":{"line":25,"column":20}},"25":{"start":{"line":26,"column":0},"end":{"line":26,"column":21}},"26":{"start":{"line":27,"column":0},"end":{"line":27,"column":14}},"27":{"start":{"line":28,"column":0},"end":{"line":28,"column":20}},"28":{"start":{"line":29,"column":0},"end":{"line":29,"column":19}},"29":{"start":{"line":30,"column":0},"end":{"line":30,"column":7}},"30":{"start":{"line":31,"column":0},"end":{"line":31,"column":7}},"32":{"start":{"line":33,"column":0},"end":{"line":33,"column":11}},"33":{"start":{"line":34,"column":0},"end":{"line":34,"column":37}},"34":{"start":{"line":35,"column":0},"end":{"line":35,"column":35}},"35":{"start":{"line":36,"column":0},"end":{"line":36,"column":13}},"36":{"start":{"line":37,"column":0},"end":{"line":37,"column":14}},"37":{"start":{"line":38,"column":0},"end":{"line":38,"column":20}},"38":{"start":{"line":39,"column":0},"end":{"line":39,"column":16}},"39":{"start":{"line":40,"column":0},"end":{"line":40,"column":35}},"40":{"start":{"line":41,"column":0},"end":{"line":41,"column":14}},"41":{"start":{"line":42,"column":0},"end":{"line":42,"column":19}},"42":{"start":{"line":43,"column":0},"end":{"line":43,"column":19}},"43":{"start":{"line":44,"column":0},"end":{"line":44,"column":7}},"44":{"start":{"line":45,"column":0},"end":{"line":45,"column":7}},"46":{"start":{"line":47,"column":0},"end":{"line":47,"column":18}},"47":{"start":{"line":48,"column":0},"end":{"line":48,"column":42}},"48":{"start":{"line":49,"column":0},"end":{"line":49,"column":35}},"49":{"start":{"line":50,"column":0},"end":{"line":50,"column":13}},"50":{"start":{"line":51,"column":0},"end":{"line":51,"column":14}},"51":{"start":{"line":52,"column":0},"end":{"line":52,"column":20}},"52":{"start":{"line":53,"column":0},"end":{"line":53,"column":16}},"53":{"start":{"line":54,"column":0},"end":{"line":54,"column":15}},"54":{"start":{"line":55,"column":0},"end":{"line":55,"column":21}},"55":{"start":{"line":56,"column":0},"end":{"line":56,"column":18}},"56":{"start":{"line":57,"column":0},"end":{"line":57,"column":8}},"57":{"start":{"line":58,"column":0},"end":{"line":58,"column":30}},"58":{"start":{"line":59,"column":0},"end":{"line":59,"column":14}},"59":{"start":{"line":60,"column":0},"end":{"line":60,"column":20}},"60":{"start":{"line":61,"column":0},"end":{"line":61,"column":20}},"61":{"start":{"line":62,"column":0},"end":{"line":62,"column":17}},"62":{"start":{"line":63,"column":0},"end":{"line":63,"column":20}},"63":{"start":{"line":64,"column":0},"end":{"line":64,"column":9}},"64":{"start":{"line":65,"column":0},"end":{"line":65,"column":7}},"65":{"start":{"line":66,"column":0},"end":{"line":66,"column":7}},"67":{"start":{"line":68,"column":0},"end":{"line":68,"column":20}},"68":{"start":{"line":69,"column":0},"end":{"line":69,"column":43}},"69":{"start":{"line":70,"column":0},"end":{"line":70,"column":35}},"70":{"start":{"line":71,"column":0},"end":{"line":71,"column":13}},"71":{"start":{"line":72,"column":0},"end":{"line":72,"column":14}},"72":{"start":{"line":73,"column":0},"end":{"line":73,"column":20}},"73":{"start":{"line":74,"column":0},"end":{"line":74,"column":16}},"74":{"start":{"line":75,"column":0},"end":{"line":75,"column":15}},"75":{"start":{"line":76,"column":0},"end":{"line":76,"column":21}},"76":{"start":{"line":77,"column":0},"end":{"line":77,"column":18}},"77":{"start":{"line":78,"column":0},"end":{"line":78,"column":8}},"78":{"start":{"line":79,"column":0},"end":{"line":79,"column":31}},"79":{"start":{"line":80,"column":0},"end":{"line":80,"column":14}},"80":{"start":{"line":81,"column":0},"end":{"line":81,"column":20}},"81":{"start":{"line":82,"column":0},"end":{"line":82,"column":20}},"82":{"start":{"line":83,"column":0},"end":{"line":83,"column":17}},"83":{"start":{"line":84,"column":0},"end":{"line":84,"column":20}},"84":{"start":{"line":85,"column":0},"end":{"line":85,"column":9}},"85":{"start":{"line":86,"column":0},"end":{"line":86,"column":7}},"86":{"start":{"line":87,"column":0},"end":{"line":87,"column":7}},"88":{"start":{"line":89,"column":0},"end":{"line":89,"column":18}},"89":{"start":{"line":90,"column":0},"end":{"line":90,"column":41}},"90":{"start":{"line":91,"column":0},"end":{"line":91,"column":35}},"91":{"start":{"line":92,"column":0},"end":{"line":92,"column":14}},"92":{"start":{"line":93,"column":0},"end":{"line":93,"column":14}},"93":{"start":{"line":94,"column":0},"end":{"line":94,"column":20}},"94":{"start":{"line":95,"column":0},"end":{"line":95,"column":16}},"95":{"start":{"line":96,"column":0},"end":{"line":96,"column":15}},"96":{"start":{"line":97,"column":0},"end":{"line":97,"column":21}},"97":{"start":{"line":98,"column":0},"end":{"line":98,"column":18}},"98":{"start":{"line":99,"column":0},"end":{"line":99,"column":8}},"99":{"start":{"line":100,"column":0},"end":{"line":100,"column":29}},"100":{"start":{"line":101,"column":0},"end":{"line":101,"column":14}},"101":{"start":{"line":102,"column":0},"end":{"line":102,"column":20}},"102":{"start":{"line":103,"column":0},"end":{"line":103,"column":20}},"103":{"start":{"line":104,"column":0},"end":{"line":104,"column":17}},"104":{"start":{"line":105,"column":0},"end":{"line":105,"column":20}},"105":{"start":{"line":106,"column":0},"end":{"line":106,"column":9}},"106":{"start":{"line":107,"column":0},"end":{"line":107,"column":7}},"107":{"start":{"line":108,"column":0},"end":{"line":108,"column":7}},"109":{"start":{"line":110,"column":0},"end":{"line":110,"column":18}},"110":{"start":{"line":111,"column":0},"end":{"line":111,"column":43}},"111":{"start":{"line":112,"column":0},"end":{"line":112,"column":35}},"112":{"start":{"line":113,"column":0},"end":{"line":113,"column":14}},"113":{"start":{"line":114,"column":0},"end":{"line":114,"column":14}},"114":{"start":{"line":115,"column":0},"end":{"line":115,"column":20}},"115":{"start":{"line":116,"column":0},"end":{"line":116,"column":16}},"116":{"start":{"line":117,"column":0},"end":{"line":117,"column":15}},"117":{"start":{"line":118,"column":0},"end":{"line":118,"column":21}},"118":{"start":{"line":119,"column":0},"end":{"line":119,"column":18}},"119":{"start":{"line":120,"column":0},"end":{"line":120,"column":8}},"120":{"start":{"line":121,"column":0},"end":{"line":121,"column":31}},"121":{"start":{"line":122,"column":0},"end":{"line":122,"column":14}},"122":{"start":{"line":123,"column":0},"end":{"line":123,"column":20}},"123":{"start":{"line":124,"column":0},"end":{"line":124,"column":20}},"124":{"start":{"line":125,"column":0},"end":{"line":125,"column":17}},"125":{"start":{"line":126,"column":0},"end":{"line":126,"column":20}},"126":{"start":{"line":127,"column":0},"end":{"line":127,"column":9}},"127":{"start":{"line":128,"column":0},"end":{"line":128,"column":7}},"128":{"start":{"line":129,"column":0},"end":{"line":129,"column":7}},"130":{"start":{"line":131,"column":0},"end":{"line":131,"column":18}},"131":{"start":{"line":132,"column":0},"end":{"line":132,"column":44}},"132":{"start":{"line":133,"column":0},"end":{"line":133,"column":35}},"133":{"start":{"line":134,"column":0},"end":{"line":134,"column":14}},"134":{"start":{"line":135,"column":0},"end":{"line":135,"column":14}},"135":{"start":{"line":136,"column":0},"end":{"line":136,"column":20}},"136":{"start":{"line":137,"column":0},"end":{"line":137,"column":16}},"137":{"start":{"line":138,"column":0},"end":{"line":138,"column":15}},"138":{"start":{"line":139,"column":0},"end":{"line":139,"column":21}},"139":{"start":{"line":140,"column":0},"end":{"line":140,"column":18}},"140":{"start":{"line":141,"column":0},"end":{"line":141,"column":8}},"141":{"start":{"line":142,"column":0},"end":{"line":142,"column":32}},"142":{"start":{"line":143,"column":0},"end":{"line":143,"column":14}},"143":{"start":{"line":144,"column":0},"end":{"line":144,"column":20}},"144":{"start":{"line":145,"column":0},"end":{"line":145,"column":20}},"145":{"start":{"line":146,"column":0},"end":{"line":146,"column":17}},"146":{"start":{"line":147,"column":0},"end":{"line":147,"column":20}},"147":{"start":{"line":148,"column":0},"end":{"line":148,"column":9}},"148":{"start":{"line":149,"column":0},"end":{"line":149,"column":7}},"149":{"start":{"line":150,"column":0},"end":{"line":150,"column":7}},"151":{"start":{"line":152,"column":0},"end":{"line":152,"column":14}},"152":{"start":{"line":153,"column":0},"end":{"line":153,"column":40}},"153":{"start":{"line":154,"column":0},"end":{"line":154,"column":35}},"154":{"start":{"line":155,"column":0},"end":{"line":155,"column":16}},"155":{"start":{"line":156,"column":0},"end":{"line":156,"column":14}},"156":{"start":{"line":157,"column":0},"end":{"line":157,"column":20}},"157":{"start":{"line":158,"column":0},"end":{"line":158,"column":16}},"158":{"start":{"line":159,"column":0},"end":{"line":159,"column":74}},"159":{"start":{"line":160,"column":0},"end":{"line":160,"column":14}},"160":{"start":{"line":161,"column":0},"end":{"line":161,"column":20}},"161":{"start":{"line":162,"column":0},"end":{"line":162,"column":19}},"162":{"start":{"line":163,"column":0},"end":{"line":163,"column":7}},"163":{"start":{"line":164,"column":0},"end":{"line":164,"column":7}},"165":{"start":{"line":166,"column":0},"end":{"line":166,"column":16}},"166":{"start":{"line":167,"column":0},"end":{"line":167,"column":41}},"167":{"start":{"line":168,"column":0},"end":{"line":168,"column":21}},"168":{"start":{"line":169,"column":0},"end":{"line":169,"column":22}},"169":{"start":{"line":170,"column":0},"end":{"line":170,"column":7}},"171":{"start":{"line":172,"column":0},"end":{"line":172,"column":34}},"172":{"start":{"line":173,"column":0},"end":{"line":173,"column":20}},"173":{"start":{"line":174,"column":0},"end":{"line":174,"column":7}},"175":{"start":{"line":176,"column":0},"end":{"line":176,"column":25}},"176":{"start":{"line":177,"column":0},"end":{"line":177,"column":3}},"178":{"start":{"line":179,"column":0},"end":{"line":179,"column":18}},"179":{"start":{"line":180,"column":0},"end":{"line":180,"column":12}},"180":{"start":{"line":181,"column":0},"end":{"line":181,"column":57}},"181":{"start":{"line":182,"column":0},"end":{"line":182,"column":57}},"182":{"start":{"line":183,"column":0},"end":{"line":183,"column":59}},"183":{"start":{"line":184,"column":0},"end":{"line":184,"column":3}},"185":{"start":{"line":186,"column":0},"end":{"line":186,"column":27}},"186":{"start":{"line":187,"column":0},"end":{"line":187,"column":28}},"187":{"start":{"line":188,"column":0},"end":{"line":188,"column":4}},"188":{"start":{"line":189,"column":0},"end":{"line":189,"column":29}},"190":{"start":{"line":191,"column":0},"end":{"line":191,"column":17}},"191":{"start":{"line":192,"column":0},"end":{"line":192,"column":68}},"193":{"start":{"line":194,"column":0},"end":{"line":194,"column":19}},"194":{"start":{"line":195,"column":0},"end":{"line":195,"column":70}},"196":{"start":{"line":197,"column":0},"end":{"line":197,"column":17}},"197":{"start":{"line":198,"column":0},"end":{"line":198,"column":26}},"198":{"start":{"line":199,"column":0},"end":{"line":199,"column":68}},"199":{"start":{"line":200,"column":0},"end":{"line":200,"column":5}},"201":{"start":{"line":202,"column":0},"end":{"line":202,"column":17}},"202":{"start":{"line":203,"column":0},"end":{"line":203,"column":28}},"203":{"start":{"line":204,"column":0},"end":{"line":204,"column":72}},"204":{"start":{"line":205,"column":0},"end":{"line":205,"column":5}},"206":{"start":{"line":207,"column":0},"end":{"line":207,"column":17}},"207":{"start":{"line":208,"column":0},"end":{"line":208,"column":72}},"209":{"start":{"line":210,"column":0},"end":{"line":210,"column":23}},"210":{"start":{"line":211,"column":0},"end":{"line":211,"column":63}},"211":{"start":{"line":212,"column":0},"end":{"line":212,"column":58}},"213":{"start":{"line":214,"column":0},"end":{"line":214,"column":18}},"214":{"start":{"line":215,"column":0},"end":{"line":215,"column":3}},"216":{"start":{"line":217,"column":0},"end":{"line":217,"column":27}},"217":{"start":{"line":218,"column":0},"end":{"line":218,"column":12}},"218":{"start":{"line":219,"column":0},"end":{"line":219,"column":60}},"219":{"start":{"line":220,"column":0},"end":{"line":220,"column":36}},"220":{"start":{"line":221,"column":0},"end":{"line":221,"column":43}},"221":{"start":{"line":222,"column":0},"end":{"line":222,"column":3}},"223":{"start":{"line":224,"column":0},"end":{"line":224,"column":28}},"224":{"start":{"line":225,"column":0},"end":{"line":225,"column":55}},"225":{"start":{"line":226,"column":0},"end":{"line":226,"column":61}},"226":{"start":{"line":227,"column":0},"end":{"line":227,"column":64}},"227":{"start":{"line":228,"column":0},"end":{"line":228,"column":4}},"228":{"start":{"line":229,"column":0},"end":{"line":229,"column":12}},"229":{"start":{"line":230,"column":0},"end":{"line":230,"column":122}},"231":{"start":{"line":232,"column":0},"end":{"line":232,"column":115}},"232":{"start":{"line":233,"column":0},"end":{"line":233,"column":33}},"233":{"start":{"line":234,"column":0},"end":{"line":234,"column":3}},"235":{"start":{"line":236,"column":0},"end":{"line":236,"column":26}},"236":{"start":{"line":237,"column":0},"end":{"line":237,"column":33}},"237":{"start":{"line":238,"column":0},"end":{"line":238,"column":12}},"238":{"start":{"line":239,"column":0},"end":{"line":239,"column":59}},"239":{"start":{"line":240,"column":0},"end":{"line":240,"column":63}},"240":{"start":{"line":241,"column":0},"end":{"line":241,"column":66}},"241":{"start":{"line":242,"column":0},"end":{"line":242,"column":106}},"242":{"start":{"line":243,"column":0},"end":{"line":243,"column":3}},"244":{"start":{"line":245,"column":0},"end":{"line":245,"column":28}},"245":{"start":{"line":246,"column":0},"end":{"line":246,"column":56}},"246":{"start":{"line":247,"column":0},"end":{"line":247,"column":37}},"247":{"start":{"line":248,"column":0},"end":{"line":248,"column":23}},"248":{"start":{"line":249,"column":0},"end":{"line":249,"column":4}},"249":{"start":{"line":250,"column":0},"end":{"line":250,"column":78}},"250":{"start":{"line":251,"column":0},"end":{"line":251,"column":62}},"251":{"start":{"line":252,"column":0},"end":{"line":252,"column":58}},"252":{"start":{"line":253,"column":0},"end":{"line":253,"column":5}},"253":{"start":{"line":254,"column":0},"end":{"line":254,"column":4}},"254":{"start":{"line":255,"column":0},"end":{"line":255,"column":41}},"255":{"start":{"line":256,"column":0},"end":{"line":256,"column":3}},"257":{"start":{"line":258,"column":0},"end":{"line":258,"column":29}},"258":{"start":{"line":259,"column":0},"end":{"line":259,"column":12}},"259":{"start":{"line":260,"column":0},"end":{"line":260,"column":32}},"260":{"start":{"line":261,"column":0},"end":{"line":261,"column":66}},"261":{"start":{"line":262,"column":0},"end":{"line":262,"column":53}},"262":{"start":{"line":263,"column":0},"end":{"line":263,"column":69}},"263":{"start":{"line":264,"column":0},"end":{"line":264,"column":117}},"264":{"start":{"line":265,"column":0},"end":{"line":265,"column":3}},"266":{"start":{"line":267,"column":0},"end":{"line":267,"column":33}},"267":{"start":{"line":268,"column":0},"end":{"line":268,"column":21}},"268":{"start":{"line":269,"column":0},"end":{"line":269,"column":58}},"269":{"start":{"line":270,"column":0},"end":{"line":270,"column":33}},"270":{"start":{"line":271,"column":0},"end":{"line":271,"column":4}},"271":{"start":{"line":272,"column":0},"end":{"line":272,"column":54}},"272":{"start":{"line":273,"column":0},"end":{"line":273,"column":41}},"273":{"start":{"line":274,"column":0},"end":{"line":274,"column":38}},"274":{"start":{"line":275,"column":0},"end":{"line":275,"column":4}},"275":{"start":{"line":276,"column":0},"end":{"line":276,"column":63}},"276":{"start":{"line":277,"column":0},"end":{"line":277,"column":3}},"278":{"start":{"line":279,"column":0},"end":{"line":279,"column":34}},"279":{"start":{"line":280,"column":0},"end":{"line":280,"column":39}},"280":{"start":{"line":281,"column":0},"end":{"line":281,"column":45}},"281":{"start":{"line":282,"column":0},"end":{"line":282,"column":42}},"282":{"start":{"line":283,"column":0},"end":{"line":283,"column":48}},"283":{"start":{"line":284,"column":0},"end":{"line":284,"column":19}},"284":{"start":{"line":285,"column":0},"end":{"line":285,"column":3}},"286":{"start":{"line":287,"column":0},"end":{"line":287,"column":32}},"287":{"start":{"line":288,"column":0},"end":{"line":288,"column":27}},"288":{"start":{"line":289,"column":0},"end":{"line":289,"column":36}},"289":{"start":{"line":290,"column":0},"end":{"line":290,"column":40}},"290":{"start":{"line":291,"column":0},"end":{"line":291,"column":38}},"291":{"start":{"line":292,"column":0},"end":{"line":292,"column":29}},"292":{"start":{"line":293,"column":0},"end":{"line":293,"column":5}},"293":{"start":{"line":294,"column":0},"end":{"line":294,"column":3}},"295":{"start":{"line":296,"column":0},"end":{"line":296,"column":27}},"296":{"start":{"line":297,"column":0},"end":{"line":297,"column":32}},"297":{"start":{"line":298,"column":0},"end":{"line":298,"column":22}},"298":{"start":{"line":299,"column":0},"end":{"line":299,"column":72}},"299":{"start":{"line":300,"column":0},"end":{"line":300,"column":20}},"300":{"start":{"line":301,"column":0},"end":{"line":301,"column":73}},"301":{"start":{"line":302,"column":0},"end":{"line":302,"column":21}},"302":{"start":{"line":303,"column":0},"end":{"line":303,"column":62}},"303":{"start":{"line":304,"column":0},"end":{"line":304,"column":14}},"304":{"start":{"line":305,"column":0},"end":{"line":305,"column":18}},"305":{"start":{"line":306,"column":0},"end":{"line":306,"column":5}},"306":{"start":{"line":307,"column":0},"end":{"line":307,"column":3}},"308":{"start":{"line":309,"column":0},"end":{"line":309,"column":24}},"309":{"start":{"line":310,"column":0},"end":{"line":310,"column":30}},"310":{"start":{"line":311,"column":0},"end":{"line":311,"column":51}},"311":{"start":{"line":312,"column":0},"end":{"line":312,"column":33}},"312":{"start":{"line":313,"column":0},"end":{"line":313,"column":47}},"313":{"start":{"line":314,"column":0},"end":{"line":314,"column":5}},"314":{"start":{"line":315,"column":0},"end":{"line":315,"column":29}},"315":{"start":{"line":316,"column":0},"end":{"line":316,"column":3}},"317":{"start":{"line":318,"column":0},"end":{"line":318,"column":20}},"318":{"start":{"line":319,"column":0},"end":{"line":319,"column":33}},"319":{"start":{"line":320,"column":0},"end":{"line":320,"column":3}},"321":{"start":{"line":322,"column":0},"end":{"line":322,"column":22}},"322":{"start":{"line":323,"column":0},"end":{"line":323,"column":29}},"323":{"start":{"line":324,"column":0},"end":{"line":324,"column":4}},"324":{"start":{"line":325,"column":0},"end":{"line":325,"column":38}},"325":{"start":{"line":326,"column":0},"end":{"line":326,"column":26}},"326":{"start":{"line":327,"column":0},"end":{"line":327,"column":20}},"327":{"start":{"line":328,"column":0},"end":{"line":328,"column":21}},"328":{"start":{"line":329,"column":0},"end":{"line":329,"column":19}},"329":{"start":{"line":330,"column":0},"end":{"line":330,"column":23}},"330":{"start":{"line":331,"column":0},"end":{"line":331,"column":15}},"331":{"start":{"line":332,"column":0},"end":{"line":332,"column":21}},"332":{"start":{"line":333,"column":0},"end":{"line":333,"column":17}},"333":{"start":{"line":334,"column":0},"end":{"line":334,"column":8}},"334":{"start":{"line":335,"column":0},"end":{"line":335,"column":14}},"335":{"start":{"line":336,"column":0},"end":{"line":336,"column":20}},"336":{"start":{"line":337,"column":0},"end":{"line":337,"column":18}},"337":{"start":{"line":338,"column":0},"end":{"line":338,"column":17}},"338":{"start":{"line":339,"column":0},"end":{"line":339,"column":19}},"339":{"start":{"line":340,"column":0},"end":{"line":340,"column":9}},"340":{"start":{"line":341,"column":0},"end":{"line":341,"column":7}},"341":{"start":{"line":342,"column":0},"end":{"line":342,"column":7}},"343":{"start":{"line":344,"column":0},"end":{"line":344,"column":35}},"344":{"start":{"line":345,"column":0},"end":{"line":345,"column":20}},"345":{"start":{"line":346,"column":0},"end":{"line":346,"column":7}},"346":{"start":{"line":347,"column":0},"end":{"line":347,"column":3}},"348":{"start":{"line":349,"column":0},"end":{"line":349,"column":24}},"349":{"start":{"line":350,"column":0},"end":{"line":350,"column":29}},"350":{"start":{"line":351,"column":0},"end":{"line":351,"column":4}},"351":{"start":{"line":352,"column":0},"end":{"line":352,"column":45}},"352":{"start":{"line":353,"column":0},"end":{"line":353,"column":18}},"353":{"start":{"line":354,"column":0},"end":{"line":354,"column":4}},"354":{"start":{"line":355,"column":0},"end":{"line":355,"column":21}},"355":{"start":{"line":356,"column":0},"end":{"line":356,"column":22}},"356":{"start":{"line":357,"column":0},"end":{"line":357,"column":98}},"357":{"start":{"line":358,"column":0},"end":{"line":358,"column":20}},"358":{"start":{"line":359,"column":0},"end":{"line":359,"column":13}},"359":{"start":{"line":360,"column":0},"end":{"line":360,"column":3}},"361":{"start":{"line":362,"column":0},"end":{"line":362,"column":12}},"362":{"start":{"line":363,"column":0},"end":{"line":363,"column":22}},"363":{"start":{"line":364,"column":0},"end":{"line":364,"column":27}},"364":{"start":{"line":365,"column":0},"end":{"line":365,"column":5}},"365":{"start":{"line":366,"column":0},"end":{"line":366,"column":3}},"367":{"start":{"line":368,"column":0},"end":{"line":368,"column":13}},"368":{"start":{"line":369,"column":0},"end":{"line":369,"column":30}},"369":{"start":{"line":370,"column":0},"end":{"line":370,"column":41}},"370":{"start":{"line":371,"column":0},"end":{"line":371,"column":5}},"371":{"start":{"line":372,"column":0},"end":{"line":372,"column":22}},"372":{"start":{"line":373,"column":0},"end":{"line":373,"column":28}},"373":{"start":{"line":374,"column":0},"end":{"line":374,"column":5}},"374":{"start":{"line":375,"column":0},"end":{"line":375,"column":3}},"375":{"start":{"line":376,"column":0},"end":{"line":376,"column":1}}},"s":{"0":1,"1":1,"3":1,"4":1,"5":49,"6":49,"7":49,"8":49,"9":49,"11":1,"12":25,"13":25,"14":25,"15":25,"16":25,"17":25,"19":25,"20":25,"21":25,"22":25,"23":25,"24":25,"25":25,"26":25,"27":25,"28":25,"29":25,"30":25,"32":25,"33":25,"34":25,"35":25,"36":25,"37":25,"38":25,"39":25,"40":25,"41":25,"42":25,"43":25,"44":25,"46":25,"47":25,"48":25,"49":25,"50":25,"51":25,"52":25,"53":25,"54":25,"55":25,"56":25,"57":25,"58":25,"59":25,"60":25,"61":25,"62":25,"63":25,"64":25,"65":25,"67":25,"68":25,"69":25,"70":25,"71":25,"72":25,"73":25,"74":25,"75":25,"76":25,"77":25,"78":25,"79":25,"80":25,"81":25,"82":25,"83":25,"84":25,"85":25,"86":25,"88":25,"89":25,"90":25,"91":25,"92":25,"93":25,"94":25,"95":25,"96":25,"97":25,"98":25,"99":25,"100":25,"101":25,"102":25,"103":25,"104":25,"105":25,"106":25,"107":25,"109":25,"110":25,"111":25,"112":25,"113":25,"114":25,"115":25,"116":25,"117":25,"118":25,"119":25,"120":25,"121":25,"122":25,"123":25,"124":25,"125":25,"126":25,"127":25,"128":25,"130":25,"131":25,"132":25,"133":25,"134":25,"135":25,"136":25,"137":25,"138":25,"139":25,"140":25,"141":25,"142":25,"143":25,"144":25,"145":25,"146":25,"147":25,"148":25,"149":25,"151":25,"152":25,"153":25,"154":25,"155":25,"156":25,"157":25,"158":25,"159":25,"160":25,"161":25,"162":25,"163":25,"165":25,"166":25,"167":1,"168":1,"169":25,"171":25,"172":1,"173":25,"175":25,"176":25,"178":1,"179":25,"180":25,"181":25,"182":25,"183":25,"185":1,"186":4,"187":4,"188":4,"190":3,"191":3,"193":3,"194":3,"196":3,"197":4,"198":1,"199":1,"201":3,"202":4,"203":1,"204":1,"206":3,"207":3,"209":3,"210":3,"211":3,"213":3,"214":4,"216":1,"217":6,"218":6,"219":6,"220":6,"221":6,"223":1,"224":6,"225":6,"226":6,"227":6,"228":6,"229":6,"231":6,"232":6,"233":6,"235":1,"236":2,"237":2,"238":2,"239":2,"240":2,"241":2,"242":2,"244":1,"245":6,"246":6,"247":6,"248":6,"249":6,"250":6,"251":3,"252":3,"253":6,"254":6,"255":6,"257":1,"258":6,"259":6,"260":6,"261":6,"262":6,"263":6,"264":6,"266":1,"267":14,"268":14,"269":14,"270":14,"271":14,"272":14,"273":14,"274":14,"275":14,"276":14,"278":1,"279":34,"280":34,"281":34,"282":34,"283":14,"284":34,"286":1,"287":12,"288":12,"289":12,"290":12,"291":12,"292":12,"293":12,"295":1,"296":14,"297":14,"298":3,"299":14,"300":2,"301":14,"302":4,"303":14,"304":5,"305":14,"306":14,"308":1,"309":54,"310":6,"311":54,"312":34,"313":34,"314":14,"315":54,"317":1,"318":14,"319":14,"321":1,"322":2,"323":1,"324":1,"325":1,"326":1,"327":1,"328":1,"329":1,"330":1,"331":1,"332":1,"333":1,"334":1,"335":1,"336":1,"337":1,"338":1,"339":1,"340":1,"341":1,"343":1,"344":1,"345":1,"346":2,"348":1,"349":2,"350":1,"351":1,"352":1,"353":1,"354":1,"355":1,"356":0,"357":0,"358":1,"359":2,"361":1,"362":7,"363":7,"364":7,"365":7,"367":1,"368":3,"369":1,"370":1,"371":3,"372":2,"373":2,"374":3,"375":1},"branchMap":{"0":{"type":"branch","line":5,"loc":{"start":{"line":5,"column":2},"end":{"line":10,"column":3}},"locations":[{"start":{"line":5,"column":2},"end":{"line":10,"column":3}}]},"1":{"type":"branch","line":12,"loc":{"start":{"line":12,"column":2},"end":{"line":177,"column":3}},"locations":[{"start":{"line":12,"column":2},"end":{"line":177,"column":3}}]},"2":{"type":"branch","line":167,"loc":{"start":{"line":167,"column":34},"end":{"line":170,"column":5}},"locations":[{"start":{"line":167,"column":34},"end":{"line":170,"column":5}}]},"3":{"type":"branch","line":172,"loc":{"start":{"line":172,"column":27},"end":{"line":174,"column":5}},"locations":[{"start":{"line":172,"column":27},"end":{"line":174,"column":5}}]},"4":{"type":"branch","line":179,"loc":{"start":{"line":179,"column":2},"end":{"line":184,"column":3}},"locations":[{"start":{"line":179,"column":2},"end":{"line":184,"column":3}}]},"5":{"type":"branch","line":186,"loc":{"start":{"line":186,"column":2},"end":{"line":215,"column":3}},"locations":[{"start":{"line":186,"column":2},"end":{"line":215,"column":3}}]},"6":{"type":"branch","line":189,"loc":{"start":{"line":189,"column":22},"end":{"line":189,"column":29}},"locations":[{"start":{"line":189,"column":22},"end":{"line":189,"column":29}}]},"7":{"type":"branch","line":189,"loc":{"start":{"line":189,"column":28},"end":{"line":198,"column":25}},"locations":[{"start":{"line":189,"column":28},"end":{"line":198,"column":25}}]},"8":{"type":"branch","line":198,"loc":{"start":{"line":198,"column":25},"end":{"line":200,"column":5}},"locations":[{"start":{"line":198,"column":25},"end":{"line":200,"column":5}}]},"9":{"type":"branch","line":200,"loc":{"start":{"line":200,"column":4},"end":{"line":203,"column":27}},"locations":[{"start":{"line":200,"column":4},"end":{"line":203,"column":27}}]},"10":{"type":"branch","line":203,"loc":{"start":{"line":203,"column":27},"end":{"line":205,"column":5}},"locations":[{"start":{"line":203,"column":27},"end":{"line":205,"column":5}}]},"11":{"type":"branch","line":205,"loc":{"start":{"line":205,"column":4},"end":{"line":215,"column":2}},"locations":[{"start":{"line":205,"column":4},"end":{"line":215,"column":2}}]},"12":{"type":"branch","line":217,"loc":{"start":{"line":217,"column":2},"end":{"line":222,"column":3}},"locations":[{"start":{"line":217,"column":2},"end":{"line":222,"column":3}}]},"13":{"type":"branch","line":224,"loc":{"start":{"line":224,"column":2},"end":{"line":234,"column":3}},"locations":[{"start":{"line":224,"column":2},"end":{"line":234,"column":3}}]},"14":{"type":"branch","line":236,"loc":{"start":{"line":236,"column":2},"end":{"line":243,"column":3}},"locations":[{"start":{"line":236,"column":2},"end":{"line":243,"column":3}}]},"15":{"type":"branch","line":245,"loc":{"start":{"line":245,"column":2},"end":{"line":256,"column":3}},"locations":[{"start":{"line":245,"column":2},"end":{"line":256,"column":3}}]},"16":{"type":"branch","line":246,"loc":{"start":{"line":246,"column":37},"end":{"line":246,"column":55}},"locations":[{"start":{"line":246,"column":37},"end":{"line":246,"column":55}}]},"17":{"type":"branch","line":251,"loc":{"start":{"line":251,"column":32},"end":{"line":251,"column":59}},"locations":[{"start":{"line":251,"column":32},"end":{"line":251,"column":59}}]},"18":{"type":"branch","line":251,"loc":{"start":{"line":251,"column":61},"end":{"line":253,"column":5}},"locations":[{"start":{"line":251,"column":61},"end":{"line":253,"column":5}}]},"19":{"type":"branch","line":258,"loc":{"start":{"line":258,"column":2},"end":{"line":265,"column":3}},"locations":[{"start":{"line":258,"column":2},"end":{"line":265,"column":3}}]},"20":{"type":"branch","line":264,"loc":{"start":{"line":264,"column":77},"end":{"line":264,"column":82}},"locations":[{"start":{"line":264,"column":77},"end":{"line":264,"column":82}}]},"21":{"type":"branch","line":264,"loc":{"start":{"line":264,"column":83},"end":{"line":264,"column":113}},"locations":[{"start":{"line":264,"column":83},"end":{"line":264,"column":113}}]},"22":{"type":"branch","line":267,"loc":{"start":{"line":267,"column":2},"end":{"line":277,"column":3}},"locations":[{"start":{"line":267,"column":2},"end":{"line":277,"column":3}}]},"23":{"type":"branch","line":279,"loc":{"start":{"line":279,"column":2},"end":{"line":285,"column":3}},"locations":[{"start":{"line":279,"column":2},"end":{"line":285,"column":3}}]},"24":{"type":"branch","line":280,"loc":{"start":{"line":280,"column":26},"end":{"line":280,"column":39}},"locations":[{"start":{"line":280,"column":26},"end":{"line":280,"column":39}}]},"25":{"type":"branch","line":280,"loc":{"start":{"line":280,"column":38},"end":{"line":281,"column":26}},"locations":[{"start":{"line":280,"column":38},"end":{"line":281,"column":26}}]},"26":{"type":"branch","line":281,"loc":{"start":{"line":281,"column":26},"end":{"line":281,"column":45}},"locations":[{"start":{"line":281,"column":26},"end":{"line":281,"column":45}}]},"27":{"type":"branch","line":281,"loc":{"start":{"line":281,"column":44},"end":{"line":282,"column":26}},"locations":[{"start":{"line":281,"column":44},"end":{"line":282,"column":26}}]},"28":{"type":"branch","line":282,"loc":{"start":{"line":282,"column":26},"end":{"line":282,"column":42}},"locations":[{"start":{"line":282,"column":26},"end":{"line":282,"column":42}}]},"29":{"type":"branch","line":282,"loc":{"start":{"line":282,"column":41},"end":{"line":283,"column":26}},"locations":[{"start":{"line":282,"column":41},"end":{"line":283,"column":26}}]},"30":{"type":"branch","line":283,"loc":{"start":{"line":283,"column":26},"end":{"line":283,"column":48}},"locations":[{"start":{"line":283,"column":26},"end":{"line":283,"column":48}}]},"31":{"type":"branch","line":283,"loc":{"start":{"line":283,"column":47},"end":{"line":285,"column":2}},"locations":[{"start":{"line":283,"column":47},"end":{"line":285,"column":2}}]},"32":{"type":"branch","line":287,"loc":{"start":{"line":287,"column":2},"end":{"line":294,"column":3}},"locations":[{"start":{"line":287,"column":2},"end":{"line":294,"column":3}}]},"33":{"type":"branch","line":289,"loc":{"start":{"line":289,"column":6},"end":{"line":289,"column":36}},"locations":[{"start":{"line":289,"column":6},"end":{"line":289,"column":36}}]},"34":{"type":"branch","line":290,"loc":{"start":{"line":290,"column":6},"end":{"line":290,"column":40}},"locations":[{"start":{"line":290,"column":6},"end":{"line":290,"column":40}}]},"35":{"type":"branch","line":291,"loc":{"start":{"line":291,"column":6},"end":{"line":291,"column":38}},"locations":[{"start":{"line":291,"column":6},"end":{"line":291,"column":38}}]},"36":{"type":"branch","line":292,"loc":{"start":{"line":292,"column":6},"end":{"line":292,"column":29}},"locations":[{"start":{"line":292,"column":6},"end":{"line":292,"column":29}}]},"37":{"type":"branch","line":296,"loc":{"start":{"line":296,"column":2},"end":{"line":307,"column":3}},"locations":[{"start":{"line":296,"column":2},"end":{"line":307,"column":3}}]},"38":{"type":"branch","line":298,"loc":{"start":{"line":298,"column":6},"end":{"line":299,"column":72}},"locations":[{"start":{"line":298,"column":6},"end":{"line":299,"column":72}}]},"39":{"type":"branch","line":300,"loc":{"start":{"line":300,"column":6},"end":{"line":301,"column":73}},"locations":[{"start":{"line":300,"column":6},"end":{"line":301,"column":73}}]},"40":{"type":"branch","line":302,"loc":{"start":{"line":302,"column":6},"end":{"line":303,"column":62}},"locations":[{"start":{"line":302,"column":6},"end":{"line":303,"column":62}}]},"41":{"type":"branch","line":304,"loc":{"start":{"line":304,"column":6},"end":{"line":305,"column":18}},"locations":[{"start":{"line":304,"column":6},"end":{"line":305,"column":18}}]},"42":{"type":"branch","line":309,"loc":{"start":{"line":309,"column":2},"end":{"line":316,"column":3}},"locations":[{"start":{"line":309,"column":2},"end":{"line":316,"column":3}}]},"43":{"type":"branch","line":310,"loc":{"start":{"line":310,"column":29},"end":{"line":312,"column":5}},"locations":[{"start":{"line":310,"column":29},"end":{"line":312,"column":5}}]},"44":{"type":"branch","line":312,"loc":{"start":{"line":312,"column":5},"end":{"line":314,"column":5}},"locations":[{"start":{"line":312,"column":5},"end":{"line":314,"column":5}}]},"45":{"type":"branch","line":312,"loc":{"start":{"line":312,"column":32},"end":{"line":314,"column":5}},"locations":[{"start":{"line":312,"column":32},"end":{"line":314,"column":5}}]},"46":{"type":"branch","line":314,"loc":{"start":{"line":314,"column":4},"end":{"line":316,"column":2}},"locations":[{"start":{"line":314,"column":4},"end":{"line":316,"column":2}}]},"47":{"type":"branch","line":318,"loc":{"start":{"line":318,"column":2},"end":{"line":320,"column":3}},"locations":[{"start":{"line":318,"column":2},"end":{"line":320,"column":3}}]},"48":{"type":"branch","line":322,"loc":{"start":{"line":322,"column":2},"end":{"line":347,"column":3}},"locations":[{"start":{"line":322,"column":2},"end":{"line":347,"column":3}}]},"49":{"type":"branch","line":323,"loc":{"start":{"line":323,"column":22},"end":{"line":347,"column":2}},"locations":[{"start":{"line":323,"column":22},"end":{"line":347,"column":2}}]},"50":{"type":"branch","line":344,"loc":{"start":{"line":344,"column":28},"end":{"line":346,"column":5}},"locations":[{"start":{"line":344,"column":28},"end":{"line":346,"column":5}}]},"51":{"type":"branch","line":349,"loc":{"start":{"line":349,"column":2},"end":{"line":360,"column":3}},"locations":[{"start":{"line":349,"column":2},"end":{"line":360,"column":3}}]},"52":{"type":"branch","line":350,"loc":{"start":{"line":350,"column":22},"end":{"line":360,"column":2}},"locations":[{"start":{"line":350,"column":22},"end":{"line":360,"column":2}}]},"53":{"type":"branch","line":362,"loc":{"start":{"line":362,"column":2},"end":{"line":366,"column":3}},"locations":[{"start":{"line":362,"column":2},"end":{"line":366,"column":3}}]},"54":{"type":"branch","line":368,"loc":{"start":{"line":368,"column":2},"end":{"line":375,"column":3}},"locations":[{"start":{"line":368,"column":2},"end":{"line":375,"column":3}}]},"55":{"type":"branch","line":369,"loc":{"start":{"line":369,"column":29},"end":{"line":371,"column":5}},"locations":[{"start":{"line":369,"column":29},"end":{"line":371,"column":5}}]},"56":{"type":"branch","line":372,"loc":{"start":{"line":372,"column":21},"end":{"line":374,"column":5}},"locations":[{"start":{"line":372,"column":21},"end":{"line":374,"column":5}}]}},"b":{"0":[49],"1":[25],"2":[1],"3":[1],"4":[25],"5":[4],"6":[1],"7":[3],"8":[1],"9":[3],"10":[1],"11":[3],"12":[6],"13":[6],"14":[2],"15":[6],"16":[1],"17":[5],"18":[3],"19":[6],"20":[2],"21":[4],"22":[14],"23":[34],"24":[7],"25":[27],"26":[3],"27":[24],"28":[7],"29":[17],"30":[3],"31":[14],"32":[12],"33":[2],"34":[2],"35":[3],"36":[5],"37":[14],"38":[3],"39":[2],"40":[4],"41":[5],"42":[54],"43":[6],"44":[48],"45":[34],"46":[14],"47":[14],"48":[2],"49":[1],"50":[1],"51":[2],"52":[1],"53":[7],"54":[3],"55":[1],"56":[2]},"fnMap":{"0":{"name":"LiveView","decl":{"start":{"line":5,"column":2},"end":{"line":10,"column":3}},"loc":{"start":{"line":5,"column":2},"end":{"line":10,"column":3}},"line":5},"1":{"name":"init","decl":{"start":{"line":12,"column":2},"end":{"line":177,"column":3}},"loc":{"start":{"line":12,"column":2},"end":{"line":177,"column":3}},"line":12},"2":{"name":"formatHeader","decl":{"start":{"line":179,"column":2},"end":{"line":184,"column":3}},"loc":{"start":{"line":179,"column":2},"end":{"line":184,"column":3}},"line":179},"3":{"name":"updateContextInfo","decl":{"start":{"line":186,"column":2},"end":{"line":215,"column":3}},"loc":{"start":{"line":186,"column":2},"end":{"line":215,"column":3}},"line":186},"4":{"name":"formatSessionInfo","decl":{"start":{"line":217,"column":2},"end":{"line":222,"column":3}},"loc":{"start":{"line":217,"column":2},"end":{"line":222,"column":3}},"line":217},"5":{"name":"formatContextUsage","decl":{"start":{"line":224,"column":2},"end":{"line":234,"column":3}},"loc":{"start":{"line":224,"column":2},"end":{"line":234,"column":3}},"line":224},"6":{"name":"formatLatestTurn","decl":{"start":{"line":236,"column":2},"end":{"line":243,"column":3}},"loc":{"start":{"line":236,"column":2},"end":{"line":243,"column":3}},"line":236},"7":{"name":"formatLatestPrompt","decl":{"start":{"line":245,"column":2},"end":{"line":256,"column":3}},"loc":{"start":{"line":245,"column":2},"end":{"line":256,"column":3}},"line":245},"8":{"name":"formatSessionTotals","decl":{"start":{"line":258,"column":2},"end":{"line":265,"column":3}},"loc":{"start":{"line":258,"column":2},"end":{"line":265,"column":3}},"line":258},"9":{"name":"createProgressBar","decl":{"start":{"line":267,"column":2},"end":{"line":277,"column":3}},"loc":{"start":{"line":267,"column":2},"end":{"line":277,"column":3}},"line":267},"10":{"name":"getPercentageColor","decl":{"start":{"line":279,"column":2},"end":{"line":285,"column":3}},"loc":{"start":{"line":279,"column":2},"end":{"line":285,"column":3}},"line":279},"11":{"name":"getBorderColor","decl":{"start":{"line":287,"column":2},"end":{"line":294,"column":3}},"loc":{"start":{"line":287,"column":2},"end":{"line":294,"column":3}},"line":287},"12":{"name":"getWarningMessage","decl":{"start":{"line":296,"column":2},"end":{"line":307,"column":3}},"loc":{"start":{"line":296,"column":2},"end":{"line":307,"column":3}},"line":296},"13":{"name":"formatTokens","decl":{"start":{"line":309,"column":2},"end":{"line":316,"column":3}},"loc":{"start":{"line":309,"column":2},"end":{"line":316,"column":3}},"line":309},"14":{"name":"formatCost","decl":{"start":{"line":318,"column":2},"end":{"line":320,"column":3}},"loc":{"start":{"line":318,"column":2},"end":{"line":320,"column":3}},"line":318},"15":{"name":"showError","decl":{"start":{"line":322,"column":2},"end":{"line":347,"column":3}},"loc":{"start":{"line":322,"column":2},"end":{"line":347,"column":3}},"line":322},"16":{"name":"showMessage","decl":{"start":{"line":349,"column":2},"end":{"line":360,"column":3}},"loc":{"start":{"line":349,"column":2},"end":{"line":360,"column":3}},"line":349},"17":{"name":"render","decl":{"start":{"line":362,"column":2},"end":{"line":366,"column":3}},"loc":{"start":{"line":362,"column":2},"end":{"line":366,"column":3}},"line":362},"18":{"name":"destroy","decl":{"start":{"line":368,"column":2},"end":{"line":375,"column":3}},"loc":{"start":{"line":368,"column":2},"end":{"line":375,"column":3}},"line":368}},"f":{"0":49,"1":25,"2":25,"3":4,"4":6,"5":6,"6":2,"7":6,"8":6,"9":14,"10":34,"11":12,"12":14,"13":54,"14":14,"15":2,"16":2,"17":7,"18":3}}
[...]
":152,"column":7}},"locations":[{"start":{"line":147,"column":12},"end":{"line":152,"column":7}}]},"25":{"type":"branch","line":149,"loc":{"start":{"line":149,"column":48},"end":{"line":149,"column":52}},"locations":[{"start":{"line":149,"column":48},"end":{"line":149,"column":52}}]},"26":{"type":"branch","line":150,"loc":{"start":{"line":150,"column":48},"end":{"line":150,"column":52}},"locations":[{"start":{"line":150,"column":48},"end":{"line":150,"column":52}}]},"27":{"type":"branch","line":155,"loc":{"start":{"line":155,"column":2},"end":{"line":157,"column":3}},"locations":[{"start":{"line":155,"column":2},"end":{"line":157,"column":3}}]},"28":{"type":"branch","line":159,"loc":{"start":{"line":159,"column":2},"end":{"line":172,"column":3}},"locations":[{"start":{"line":159,"column":2},"end":{"line":172,"column":3}}]},"29":{"type":"branch","line":162,"loc":{"start":{"line":162,"column":27},"end":{"line":164,"column":5}},"locations":[{"start":{"line":162,"column":27},"end":{"line":164,"column":5}}]}},"b":{"0":[19],"1":[2],"2":[102],"3":[3],"4":[11],"5":[1],"6":[10],"7":[1],"8":[1],"9":[1],"10":[12],"11":[5],"12":[32],"13":[3],"14":[8],"15":[9],"16":[4],"17":[5],"18":[6],"19":[2],"20":[4],"21":[8],"22":[8],"23":[17],"24":[8],"25":[0],"26":[0],"27":[1],"28":[21],"29":[7]},"fnMap":{"0":{"name":"SessionsManager","decl":{"start":{"line":7,"column":2},"end":{"line":16,"column":3}},"loc":{"start":{"line":7,"column":2},"end":{"line":16,"column":3}},"line":7},"1":{"name":"setDebugMode","decl":{"start":{"line":18,"column":2},"end":{"line":20,"column":3}},"loc":{"start":{"line":18,"column":2},"end":{"line":20,"column":3}},"line":18},"2":{"name":"log","decl":{"start":{"line":22,"column":2},"end":{"line":26,"column":3}},"loc":{"start":{"line":22,"column":2},"end":{"line":26,"column":3}},"line":22},"3":{"name":"initialize","decl":{"start":{"line":28,"column":2},"end":{"line":59,"column":3}},"loc":{"start":{"line":28,"column":2},"end":{"line":59,"column":3}},"line":28},"4":{"name":"loadAllSessions","decl":{"start":{"line":61,"column":2},"end":{"line":71,"column":3}},"loc":{"start":{"line":61,"column":2},"end":{"line":71,"column":3}},"line":61},"5":{"name":"loadSession","decl":{"start":{"line":73,"column":2},"end":{"line":102,"column":3}},"loc":{"start":{"line":73,"column":2},"end":{"line":102,"column":3}},"line":73},"6":{"name":"handleSessionChange","decl":{"start":{"line":104,"column":2},"end":{"line":108,"column":3}},"loc":{"start":{"line":104,"column":2},"end":{"line":108,"column":3}},"line":104},"7":{"name":"batchUpdate","decl":{"start":{"line":110,"column":2},"end":{"line":120,"column":3}},"loc":{"start":{"line":110,"column":2},"end":{"line":120,"column":3}},"line":110},"8":{"name":"processBatch","decl":{"start":{"line":122,"column":2},"end":{"line":138,"column":3}},"loc":{"start":{"line":122,"column":2},"end":{"line":138,"column":3}},"line":122},"9":{"name":"getAllSessions","decl":{"start":{"line":140,"column":2},"end":{"line":153,"column":3}},"loc":{"start":{"line":140,"column":2},"end":{"line":153,"column":3}},"line":140},"10":{"name":"getActiveSession","decl":{"start":{"line":155,"column":2},"end":{"line":157,"column":3}},"loc":{"start":{"line":155,"column":2},"end":{"line":157,"column":3}},"line":155},"11":{"name":"destroy","decl":{"start":{"line":159,"column":2},"end":{"line":172,"column":3}},"loc":{"start":{"line":159,"column":2},"end":{"line":172,"column":3}},"line":159}},"f":{"0":19,"1":2,"2":102,"3":11,"4":12,"5":32,"6":8,"7":9,"8":6,"9":8,"10":1,"11":21}}
,"/Users/ryuta/Projects/gavrri/cccontext/src/monitor/usage-calculator.mjs": {"path":"/Users/ryuta/Projects/gavrri/cccontext/src/monitor/usage-calculator.mjs","all":false,"statementMap":{"0":{"start":{"line":1,"column":0},"end":{"line":1,"column":31}},"1":{"start":{"line":2,"column":0},"end":{"line":2,"column":24}},"2":{"start":{"line":3,"column":0},"end":{"line":3,"column":29}},"3":{"start":{"line":4,"column":0},"end":{"line":4,"column":17}},"4":{"start":{"line":5,"column":0},"end":{"line":5,"column":18}},"5":{"start":{"line":6,"column":0},"end":{"line":6,"column":25}},"6":{"start":{"line":7,"column":0},"end":{"line":7,"column":4}},"7":{"start":{"line":8,"column":0},"end":{"line":8,"column":29}},"8":{"start":{"line":9,"column":0},"end":{"line":9,"column":17}},"9":{"start":{"line":10,"column":0},"end":{"line":10,"column":18}},"10":{"start":{"line":11,"column":0},"end":{"line":11,"column":25}},"11":{"start":{"line":12,"column":0},"end":{"line":12,"column":4}},"12":{"start":{"line":13,"column":0},"end":{"line":13,"column":33}},"13":{"start":{"line":14,"column":0},"end":{"line":14,"column":16}},"14":{"start":{"line":15,"column":0},"end":{"line":15,"column":18}},"15":{"start":{"line":16,"column":0},"end":{"line":16,"column":29}},"16":{"start":{"line":17,"column":0},"end":{"line":17,"column":4}},"17":{"start":{"line":18,"column":0},"end":{"line":18,"column":32}},"18":{"start":{"line":19,"column":0},"end":{"line":19,"column":16}},"19":{"start":{"line":20,"column":0},"end":{"line":20,"column":17}},"20":{"start":{"line":21,"column":0},"end":{"line":21,"column":28}},"21":{"start":{"line":22,"column":0},"end":{"line":22,"column":4}},"22":{"start":{"line":23,"column":0},"end":{"line":23,"column":30}},"23":{"start":{"line":24,"column":0},"end":{"line":24,"column":16}},"24":{"start":{"line":25,"column":0},"end":{"line":25,"column":17}},"25":{"start":{"line":26,"column":0},"end":{"line":26,"column":26}},"26":{"start":{"line":27,"column":0},"end":{"line":27,"column":3}},"27":{"start":{"line":28,"column":0},"end":{"line":28,"column":2}},"29":{"start":{"line":30,"column":0},"end":{"line":30,"column":19}},"30":{"start":{"line":31,"column":0},"end":{"line":31,"column":25}},"31":{"start":{"line":32,"column":0},"end":{"line":32,"column":14}},"32":{"start":{"line":33,"column":0},"end":{"line":33,"column":16}},"33":{"start":{"line":34,"column":0},"end":{"line":34,"column":23}},"34":{"start":{"line":35,"column":0},"end":{"line":35,"column":2}},"36":{"start":{"line":37,"column":0},"end":{"line":37,"column":30}},"37":{"start":{"line":38,"column":0},"end":{"line":38,"column":17}},"38":{"start":{"line":39,"column":0},"end":{"line":39,"column":27}},"39":{"start":{"line":40,"column":0},"end":{"line":40,"column":3}},"41":{"start":{"line":42,"column":0},"end":{"line":42,"column":31}},"42":{"start":{"line":43,"column":0},"end":{"line":43,"column":17}},"43":{"start":{"line":44,"column":0},"end":{"line":44,"column":14}},"44":{"start":{"line":45,"column":0},"end":{"line":45,"column":21}},"45":{"start":{"line":46,"column":0},"end":{"line":46,"column":22}},"46":{"start":{"line":47,"column":0},"end":{"line":47,"column":21}},"47":{"start":{"line":48,"column":0},"end":{"line":48,"column":23}},"48":{"start":{"line":49,"column":0},"end":{"line":49,"column":24}},"49":{"start":{"line":50,"column":0},"end":{"line":50,"column":23}},"50":{"start":{"line":51,"column":0},"end":{"line":51,"column":22}},"51":{"start":{"line":52,"column":0},"end":{"line":52,"column":8}},"52":{"start":{"line":53,"column":0},"end":{"line":53,"column":5}},"53":{"start":{"line":54,"column":0},"end":{"line":54,"column":4}},"54":{"start":{"line":55,"column":0},"end":{"line":55,"column":59}},"55":{"start":{"line":56,"column":0},"end":{"line":56,"column":4}},"56":{"start":{"line":57,"column":0},"end":{"line":57,"column":25}},"57":{"start":{"line":58,"column":0},"end":{"line":58,"column":56}},"58":{"start":{"line":59,"column":0},"end":{"line":59,"column":58}},"59":{"start":{"line":60,"column":0},"end":{"line":60,"column":67}},"60":{"start":{"line":61,"column":0},"end":{"line":61,"column":4}},"61":{"start":{"line":62,"column":0},"end":{"line":62,"column":36}},"62":{"start":{"line":63,"column":0},"end":{"line":63,"column":67}},"63":{"start":{"line":64,"column":0},"end":{"line":64,"column":4}},"64":{"start":{"line":65,"column":0},"end":{"line":65,"column":73}},"65":{"start":{"line":66,"column":0},"end":{"line":66,"column":67}},"66":{"start":{"line":67,"column":0},"end":{"line":67,"column":4}},"67":{"start":{"line":68,"column":0},"end":{"line":68,"column":12}},"68":{"start":{"line":69,"column":0},"end":{"line":69,"column":16}},"69":{"start":{"line":70,"column":0},"end":{"line":70,"column":17}},"70":{"start":{"line":71,"column":0},"end":{"line":71,"column":40}},"71":{"start":{"line":72,"column":0},"end":{"line":72,"column":18}},"72":{"start":{"line":73,"column":0},"end":{"line":73,"column":19}},"73":{"start":{"line":74,"column":0},"end":{"line":74,"column":18}},"74":{"start":{"line":75,"column":0},"end":{"line":75,"column":45}},"75":{"start":{"line":76,"column":0},"end":{"line":76,"column":6}},"76":{"start":{"line":77,"column":0},"end":{"line":77,"column":3}},"78":{"start":{"line":79,"column":0},"end":{"line":79,"column":43}},"79":{"start":{"line":80,"column":0},"end":{"line":80,"column":29}},"80":{"start":{"line":81,"column":0},"end":{"line":81,"column":30}},"81":{"start":{"line":82,"column":0},"end":{"line":82,"column":29}},"82":{"start":{"line":83,"column":0},"end":{"line":83,"column":22}},"83":{"start":{"line":84,"column":0},"end":{"line":84,"column":18}},"85":{"start":{"line":86,"column":0},"end":{"line":86,"column":37}},"86":{"start":{"line":87,"column":0},"end":{"line":87,"column":29}},"87":{"start":{"line":88,"column":0},"end":{"line":88,"column":70}},"88":{"start":{"line":89,"column":0},"end":{"line":89,"column":8}},"89":{"start":{"line":90,"column":0},"end":{"line":90,"column":45}},"90":{"start":{"line":91,"column":0},"end":{"line":91,"column":47}},"91":{"start":{"line":92,"column":0},"end":{"line":92,"column":45}},"92":{"start":{"line":93,"column":0},"end":{"line":93,"column":36}},"93":{"start":{"line":94,"column":0},"end":{"line":94,"column":8}},"94":{"start":{"line":95,"column":0},"end":{"line":95,"column":52}},"95":{"start":{"line":96,"column":0},"end":{"line":96,"column":18}},"96":{"start":{"line":97,"column":0},"end":{"line":97,"column":9}},"97":{"start":{"line":98,"column":0},"end":{"line":98,"column":7}},"98":{"start":{"line":99,"column":0},"end":{"line":99,"column":5}},"100":{"start":{"line":101,"column":0},"end":{"line":101,"column":12}},"101":{"start":{"line":102,"column":0},"end":{"line":102,"column":23}},"102":{"start":{"line":103,"column":0},"end":{"line":103,"column":24}},"103":{"start":{"line":104,"column":0},"end":{"line":104,"column":23}},"104":{"start":{"line":105,"column":0},"end":{"line":105,"column":56}},"105":{"start":{"line":106,"column":0},"end":{"line":106,"column":16}},"106":{"start":{"line":107,"column":0},"end":{"line":107,"column":12}},"107":{"start":{"line":108,"column":0},"end":{"line":108,"column":102}},"108":{"start":{"line":109,"column":0},"end":{"line":109,"column":6}},"109":{"start":{"line":110,"column":0},"end":{"line":110,"column":3}},"111":{"start":{"line":112,"column":0},"end":{"line":112,"column":20}},"112":{"start":{"line":113,"column":0},"end":{"line":113,"column":33}},"113":{"start":{"line":114,"column":0},"end":{"line":114,"column":3}},"115":{"start":{"line":116,"column":0},"end":{"line":116,"column":24}},"116":{"start":{"line":117,"column":0},"end":{"line":117,"column":30}},"117":{"start":{"line":118,"column":0},"end":{"line":118,"column":51}},"118":{"start":{"line":119,"column":0},"end":{"line":119,"column":33}},"119":{"start":{"line":120,"column":0},"end":{"line":120,"column":47}},"120":{"start":{"line":121,"column":0},"end":{"line":121,"column":5}},"121":{"start":{"line":122,"column":0},"end":{"line":122,"column":29}},"122":{"start":{"line":123,"column":0},"end":{"line":123,"column":3}},"124":{"start":{"line":125,"column":0},"end":{"line":125,"column":23}},"125":{"start":{"line":126,"column":0},"end":{"line":126,"column":37}},"126":{"start":{"line":127,"column":0},"end":{"line":127,"column":46}},"127":{"start":{"line":128,"column":0},"end":{"line":128,"column":3}},"129":{"start":{"line":130,"column":0},"end":{"line":130,"column":78}},"130":{"start":{"line":131,"column":0},"end":{"line":131,"column":52}},"131":{"start":{"line":132,"column":0},"end":{"line":132,"column":4}},"132":{"start":{"line":133,"column":0},"end":{"line":133,"column":58}},"133":{"start":{"line":134,"column":0},"end":{"line":134,"column":62}},"134":{"start":{"line":135,"column":0},"end":{"line":135,"column":3}},"135":{"start":{"line":136,"column":0},"end":{"line":136,"column":1}}},"s":{"0":1,"1":1,"2":1,"3":1,"4":1,"5":1,"6":1,"7":1,"8":1,"9":1,"10":1,"11":1,"12":1,"13":1,"14":1,"15":1,"16":1,"17":1,"18":1,"19":1,"20":1,"21":1,"22":1,"23":1,"24":1,"25":1,"26":1,"27":1,"29":1,"30":1,"31":1,"32":1,"33":1,"34":1,"36":1,"37":1,"38":65,"39":65,"41":1,"42":42,"43":8,"44":8,"45":8,"46":8,"47":8,"48":8,"49":8,"50":8,"51":8,"52":8,"53":34,"54":42,"55":42,"56":42,"57":42,"58":42,"59":42,"60":42,"61":42,"62":42,"63":42,"64":42,"65":42,"66":42,"67":42,"68":42,"69":42,"70":42,"71":42,"72":42,"73":42,"74":42,"75":42,"76":42,"78":1,"79":59,"80":59,"81":59,"82":59,"83":59,"85":59,"86":34,"87":26,"88":26,"89":26,"90":26,"91":26,"92":26,"93":26,"94":26,"95":19,"96":19,"97":26,"98":34,"100":55,"101":55,"102":55,"103":55,"104":55,"105":55,"106":55,"107":59,"108":59,"109":59,"111":1,"112":10,"113":10,"115":1,"116":25,"117":7,"118":25,"119":11,"120":11,"121":7,"122":25,"124":1,"125":56,"126":56,"127":56,"129":1,"130":58,"131":17,"132":17,"133":17,"134":58,"135":1},"branchMap":{"0":{"type":"branch","line":38,"loc":{"start":{"line":38,"column":2},"end":{"line":40,"column":3}},"locations":[{"start":{"line":38,"column":2},"end":{"line":40,"column":3}}]},"1":{"type":"branch","line":42,"loc":{"start":{"line":42,"column":2},"end":{"line":77,"column":3}},"locations":[{"start":{"line":42,"column":2},"end":{"line":77,"column":3}}]},"2":{"type":"branch","line":43,"loc":{"start":{"line":43,"column":16},"end":{"line":53,"column":5}},"locations":[{"start":{"line":43,"column":16},"end":{"line":53,"column":5}}]},"3":{"type":"branch","line":53,"loc":{"start":{"line":53,"column":4},"end":{"line":55,"column":40}},"locations":[{"start":{"line":53,"column":4},"end":{"line":55,"column":40}}]},"4":{"type":"branch","line":55,"loc":{"start":{"line":55,"column":40},"end":{"line":55,"column":58}},"locations":[{"start":{"line":55,"column":40},"end":{"line":55,"column":58}}]},"5":{"type":"branch","line":58,"loc":{"start":{"line":58,"column":51},"end":{"line":58,"column":55}},"locations":[{"start":{"line":58,"column":51},"end":{"line":58,"column":55}}]},"6":{"type":"branch","line":59,"loc":{"start":{"line":59,"column":53},"end":{"line":59,"column":57}},"locations":[{"start":{"line":59,"column":53},"end":{"line":59,"column":57}}]},"7":{"type":"branch","line":60,"loc":{"start":{"line":60,"column":62},"end":{"line":60,"column":66}},"locations":[{"start":{"line":60,"column":62},"end":{"line":60,"column":66}}]},"8":{"type":"branch","line":79,"loc":{"start":{"line":79,"column":2},"end":{"line":110,"column":3}},"locations":[{"start":{"line":79,"column":2},"end":{"line":110,"column":3}}]},"9":{"type":"branch","line":86,"loc":{"start":{"line":86,"column":36},"end":{"line":99,"column":5}},"locations":[{"start":{"line":86,"column":36},"end":{"line":99,"column":5}}]},"10":{"type":"branch","line":87,"loc":{"start":{"line":87,"column":17},"end":{"line":87,"column":26}},"locations":[{"start":{"line":87,"column":17},"end":{"line":87,"column":26}}]},"11":{"type":"branch","line":87,"loc":{"start":{"line":87,"column":28},"end":{"line":98,"column":7}},"locations":[{"start":{"line":87,"column":28},"end":{"line":98,"column":7}}]},"12":{"type":"branch","line":95,"loc":{"start":{"line":95,"column":51},"end":{"line":97,"column":9}},"locations":[{"start":{"line":95,"column":51},"end":{"line":97,"column":9}}]},"13":{"type":"branch","line":99,"loc":{"start":{"line":99,"column":4},"end":{"line":108,"column":38}},"locations":[{"start":{"line":99,"column":4},"end":{"line":108,"column":38}}]},"14":{"type":"branch","line":108,"loc":{"start":{"line":108,"column":38},"end":{"line":108,"column":98}},"locations":[{"start":{"line":108,"column":38},"end":{"line":108,"column":98}}]},"15":{"type":"branch","line":108,"loc":{"start":{"line":108,"column":99},"end":{"line":108,"column":102}},"locations":[{"start":{"line":108,"column":99},"end":{"line":108,"column":102}}]},"16":{"type":"branch","line":112,"loc":{"start":{"line":112,"column":2},"end":{"line":114,"column":3}},"locations":[{"start":{"line":112,"column":2},"end":{"line":114,"column":3}}]},"17":{"type":"branch","line":116,"loc":{"start":{"line":116,"column":2},"end":{"line":123,"column":3}},"locations":[{"start":{"line":116,"column":2},"end":{"line":123,"column":3}}]},"18":{"type":"branch","line":117,"loc":{"start":{"line":117,"column":29},"end":{"line":119,"column":5}},"locations":[{"start":{"line":117,"column":29},"end":{"line":119,"column":5}}]},"19":{"type":"branch","line":119,"loc":{"start":{"line":119,"column":5},"end":{"line":121,"column":5}},"locations":[{"start":{"line":119,"column":5},"end":{"line":121,"column":5}}]},"20":{"type":"branch","line":119,"loc":{"start":{"line":119,"column":32},"end":{"line":121,"column":5}},"locations":[{"start":{"line":119,"column":32},"end":{"line":121,"column":5}}]},"21":{"type":"branch","line":121,"loc":{"start":{"line":121,"column":4},"end":{"line":123,"column":2}},"locations":[{"start":{"line":121,"column":4},"end":{"line":123,"column":2}}]},"22":{"type":"branch","line":125,"loc":{"start":{"line":125,"column":2},"end":{"line":128,"column":3}},"locations":[{"start":{"line":125,"column":2},"end":{"line":128,"column":3}}]},"23":{"type":"branch","line":127,"loc":{"start":{"line":127,"column":16},"end":{"line":127,"column":27}},"locations":[{"start":{"line":127,"column":16},"end":{"line":127,"column":27}}]},"24":{"type":"branch","line":127,"loc":{"start":{"line":127,"column":28},"end":{"line":127,"column":45}},"locations":[{"start":{"line":127,"column":28},"end":{"line":127,"column":45}}]},"25":{"type":"branch","line":130,"loc":{"start":{"line":130,"column":2},"end":{"line":135,"column":3}},"locations":[{"start":{"line":130,"column":2},"end":{"line":135,"column":3}}]},"26":{"type":"branch","line":131,"loc":{"start":{"line":131,"column":36},"end":{"line":131,"column":52}},"locations":[{"start":{"line":131,"column":36},"end":{"line":131,"column":52}}]},"27":{"type":"branch","line":131,"loc":{"start":{"line":131,"column":51},"end":{"line":135,"column":2}},"locations":[{"start":{"line":131,"column":51},"end":{"line":135,"column":2}}]}},"b":{"0":[65],"1":[42],"2":[8],"3":[34],"4":[1],"5":[7],"6":[17],"7":[29],"8":[59],"9":[34],"10":[32],"11":[26],"12":[19],"13":[55],"14":[13],"15":[42],"16":[10],"17":[25],"18":[7],"19":[18],"20":[11],"21":[7],"22":[56],"23":[54],"24":[2],"25":[58],"26":[41],"27":[17]},"fnMap":{"0":{"name":"UsageCalculator","decl":{"start":{"line":38,"column":2},"end":{"line":40,"column":3}},"loc":{"start":{"line":38,"column":2},"end":{"line":40,"column":3}},"line":38},"1":{"name":"calculateCost","decl":{"start":{"line":42,"column":2},"end":{"line":77,"column":3}},"loc":{"start":{"line":42,"column":2},"end":{"line":77,"column":3}},"line":42},"2":{"name":"calculateSessionTotals","decl":{"start":{"line":79,"column":2},"end":{"line":110,"column":3}},"loc":{"start":{"line":79,"column":2},"end":{"line":110,"column":3}},"line":79},"3":{"name":"formatCost","decl":{"start":{"line":112,"column":2},"end":{"line":114,"column":3}},"loc":{"start":{"line":112,"column":2},"end":{"line":114,"column":3}},"line":112},"4":{"name":"formatTokens","decl":{"start":{"line":116,"column":2},"end":{"line":123,"column":3}},"loc":{"start":{"line":116,"column":2},"end":{"line":123,"column":3}},"line":116},"5":{"name":"getModelName","decl":{"start":{"line":125,"column":2},"end":{"line":128,"column":3}},"loc":{"start":{"line":125,"column":2},"end":{"line":128,"column":3}},"line":125},"6":{"name":"estimateRemainingTurns","decl":{"start":{"line":130,"column":2},"end":{"line":135,"column":3}},"loc":{"start":{"line":130,"column":2},"end":{"line":135,"column":3}},"line":130}},"f":{"0":65,"1":42,"2":59,"3":10,"4":25,"5":56,"6":58}}
}
